{"name": "test_catalog_search", "status": "failed", "statusDetails": {"message": "AssertionError: Element ('css selector', '[href=\"/nonfiction_books/popuri_01309.html\"]') not clicable", "trace": "self = <pages.main_page.MainPage object at 0x00000297FE02FA50>\nlocator = ('css selector', '[href=\"/nonfiction_books/popuri_01309.html\"]')\n\n    @allure.step('wait for clicable element')\n    def wait_for_clicable(self, locator):\n        \"\"\"Waiting until the element becomes clickable otherwise an error will\n        be caused.\"\"\"\n        try:\n>           return WebDriverWait(self.driver, self.wait_until).until(\n                EC.element_to_be_clickable(locator))\n\nhelpers\\base.py:20: \n_ _ _ _ _ _ _ _ _ _ _ _ _ _ _ _ _ _ _ _ _ _ _ _ _ _ _ _ _ _ _ _ _ _ _ _ _ _ _ _\n\nself = <selenium.webdriver.support.wait.WebDriverWait (session=\"db9972bf0edd07014cd555aa5d987b1c\")>\nmethod = <function element_to_be_clickable.<locals>._predicate at 0x00000297FDEFC400>\nmessage = ''\n\n    def until(self, method: Callable[[WebDriver], Union[Literal[False], T]], message: str = \"\") -> T:\n        \"\"\"Calls the method provided with the driver as an argument until the \\\n        return value does not evaluate to ``False``.\n    \n        :param method: callable(WebDriver)\n        :param message: optional message for :exc:`TimeoutException`\n        :returns: the result of the last call to `method`\n        :raises: :exc:`selenium.common.exceptions.TimeoutException` if timeout occurs\n        \"\"\"\n        screen = None\n        stacktrace = None\n    \n        end_time = time.monotonic() + self._timeout\n        while True:\n            try:\n                value = method(self._driver)\n                if value:\n                    return value\n            except self._ignored_exceptions as exc:\n                screen = getattr(exc, \"screen\", None)\n                stacktrace = getattr(exc, \"stacktrace\", None)\n            time.sleep(self._poll)\n            if time.monotonic() > end_time:\n                break\n>       raise TimeoutException(message, screen, stacktrace)\nE       selenium.common.exceptions.TimeoutException: Message: \nE       Stacktrace:\nE       \tGetHandleVerifier [0x005E72A3+45731]\nE       \t(No symbol) [0x00572D51]\nE       \t(No symbol) [0x0046880D]\nE       \t(No symbol) [0x0049B940]\nE       \t(No symbol) [0x0049BE0B]\nE       \t(No symbol) [0x004CD1F2]\nE       \t(No symbol) [0x004B8024]\nE       \t(No symbol) [0x004CB7A2]\nE       \t(No symbol) [0x004B7DD6]\nE       \t(No symbol) [0x004931F6]\nE       \t(No symbol) [0x0049439D]\nE       \tGetHandleVerifier [0x008F0716+3229462]\nE       \tGetHandleVerifier [0x009384C8+3523784]\nE       \tGetHandleVerifier [0x0093214C+3498316]\nE       \tGetHandleVerifier [0x00671680+611968]\nE       \t(No symbol) [0x0057CCCC]\nE       \t(No symbol) [0x00578DF8]\nE       \t(No symbol) [0x00578F1D]\nE       \t(No symbol) [0x0056B2C7]\nE       \tBaseThreadInitThunk [0x7769FCC9+25]\nE       \tRtlGetAppContainerNamedObjectPath [0x77A27C6E+286]\nE       \tRtlGetAppContainerNamedObjectPath [0x77A27C3E+238]\n\nvenv\\Lib\\site-packages\\selenium\\webdriver\\support\\wait.py:101: TimeoutException\n\nDuring handling of the above exception, another exception occurred:\n\nself = <test_header.TestHeader object at 0x00000297FDE536D0>\ndriver = <selenium.webdriver.chrome.webdriver.WebDriver (session=\"db9972bf0edd07014cd555aa5d987b1c\")>\n\n    @allure.feature('Catalog search')\n    @allure.severity(allure.severity_level.NORMAL)\n    @allure.story('Checks the page of the entered product')\n    def test_catalog_search(self, driver):\n        \"\"\"Enters the name of the product in the input field, selects the\n        product and checks that the desired page has opened.\"\"\"\n        header = MainPage(driver)\n        header.open_page_and_reject_cookies()\n        header.enter_product_text(header.request_text)\n>       header.click_on_product(header.CHOOSE_PRODUCT_LOCATOR)\n\ntests\\test_header.py:63: \n_ _ _ _ _ _ _ _ _ _ _ _ _ _ _ _ _ _ _ _ _ _ _ _ _ _ _ _ _ _ _ _ _ _ _ _ _ _ _ _\nelements\\header_element.py:34: in click_on_product\n    self.click_on(product)\nhelpers\\base.py:50: in click_on\n    element = self.wait_for_clicable(locator)\n_ _ _ _ _ _ _ _ _ _ _ _ _ _ _ _ _ _ _ _ _ _ _ _ _ _ _ _ _ _ _ _ _ _ _ _ _ _ _ _\n\nself = <pages.main_page.MainPage object at 0x00000297FE02FA50>\nlocator = ('css selector', '[href=\"/nonfiction_books/popuri_01309.html\"]')\n\n    @allure.step('wait for clicable element')\n    def wait_for_clicable(self, locator):\n        \"\"\"Waiting until the element becomes clickable otherwise an error will\n        be caused.\"\"\"\n        try:\n            return WebDriverWait(self.driver, self.wait_until).until(\n                EC.element_to_be_clickable(locator))\n        except WebDriverException:\n>           assert False, f\"Element {locator} not clicable\"\nE           AssertionError: Element ('css selector', '[href=\"/nonfiction_books/popuri_01309.html\"]') not clicable\n\nhelpers\\base.py:23: AssertionError"}, "description": "Enters the name of the product in the input field, selects the\n        product and checks that the desired page has opened.", "steps": [{"name": "Open page and reject cookies", "status": "passed", "steps": [{"name": "open main page", "status": "passed", "start": 1700146570179, "stop": 1700146572653}, {"name": "Reject cookies", "status": "passed", "steps": [{"name": "Click on element using js scripts", "status": "passed", "steps": [{"name": "wait for clicable element", "status": "passed", "parameters": [{"name": "locator", "value": "('css selector', '[aria-label=\"Отклонить\"]')"}], "start": 1700146572653, "stop": 1700146573507}], "parameters": [{"name": "locator", "value": "('css selector', '[aria-label=\"Отклонить\"]')"}], "start": 1700146572653, "stop": 1700146573541}, {"name": "Click on element using js scripts", "status": "passed", "steps": [{"name": "wait for clicable element", "status": "passed", "parameters": [{"name": "locator", "value": "('css selector', '[aria-label=\"Отклонить\"]')"}], "start": 1700146573541, "stop": 1700146573592}], "parameters": [{"name": "locator", "value": "('css selector', '[aria-label=\"Отклонить\"]')"}], "start": 1700146573541, "stop": 1700146573623}], "start": 1700146572653, "stop": 1700146573623}], "start": 1700146570179, "stop": 1700146573623}, {"name": "Enter product text", "status": "passed", "steps": [{"name": "Click on element", "status": "passed", "steps": [{"name": "wait for clicable element", "status": "passed", "parameters": [{"name": "locator", "value": "('id', 'catalogSearch')"}], "start": 1700146573623, "stop": 1700146573829}], "parameters": [{"name": "locator", "value": "('id', 'catalogSearch')"}], "start": 1700146573623, "stop": 1700146574057}, {"name": "Fill field with text", "status": "passed", "steps": [{"name": "wait for clicable element", "status": "passed", "parameters": [{"name": "locator", "value": "('id', 'catalogSearch')"}], "start": 1700146574060, "stop": 1700146574301}, {"name": "Clear an input field by simulating button presses", "status": "passed", "steps": [{"name": "wait for clicable element", "status": "passed", "parameters": [{"name": "locator", "value": "<selenium.webdriver.remote.webelement.WebElement (session=\"db9972bf0edd07014cd555aa5d987b1c\", element=\"44585F010604E691F4C6328CB4F630A0_element_62\")>"}], "start": 1700146574301, "stop": 1700146574379}], "parameters": [{"name": "locator", "value": "<selenium.webdriver.remote.webelement.WebElement (session=\"db9972bf0edd07014cd555aa5d987b1c\", element=\"44585F010604E691F4C6328CB4F630A0_element_62\")>"}], "start": 1700146574301, "stop": 1700146574427}], "parameters": [{"name": "locator", "value": "('id', 'catalogSearch')"}, {"name": "text", "value": "'6.564.524'"}], "start": 1700146574057, "stop": 1700146574650}], "parameters": [{"name": "product", "value": "'6.564.524'"}], "start": 1700146573623, "stop": 1700146574650}, {"name": "Click on product", "status": "failed", "statusDetails": {"message": "AssertionError: Element ('css selector', '[href=\"/nonfiction_books/popuri_01309.html\"]') not clicable\n", "trace": "  File \"E:\\graduation_project\\venv\\Lib\\site-packages\\allure_commons\\_allure.py\", line 192, in impl\n    return func(*a, **kw)\n           ^^^^^^^^^^^^^^\n  File \"E:\\graduation_project\\elements\\header_element.py\", line 34, in click_on_product\n    self.click_on(product)\n  File \"E:\\graduation_project\\venv\\Lib\\site-packages\\allure_commons\\_allure.py\", line 192, in impl\n    return func(*a, **kw)\n           ^^^^^^^^^^^^^^\n  File \"E:\\graduation_project\\helpers\\base.py\", line 50, in click_on\n    element = self.wait_for_clicable(locator)\n              ^^^^^^^^^^^^^^^^^^^^^^^^^^^^^^^\n  File \"E:\\graduation_project\\venv\\Lib\\site-packages\\allure_commons\\_allure.py\", line 192, in impl\n    return func(*a, **kw)\n           ^^^^^^^^^^^^^^\n  File \"E:\\graduation_project\\helpers\\base.py\", line 23, in wait_for_clicable\n    assert False, f\"Element {locator} not clicable\"\n"}, "steps": [{"name": "Click on element", "status": "failed", "statusDetails": {"message": "AssertionError: Element ('css selector', '[href=\"/nonfiction_books/popuri_01309.html\"]') not clicable\n", "trace": "  File \"E:\\graduation_project\\venv\\Lib\\site-packages\\allure_commons\\_allure.py\", line 192, in impl\n    return func(*a, **kw)\n           ^^^^^^^^^^^^^^\n  File \"E:\\graduation_project\\helpers\\base.py\", line 50, in click_on\n    element = self.wait_for_clicable(locator)\n              ^^^^^^^^^^^^^^^^^^^^^^^^^^^^^^^\n  File \"E:\\graduation_project\\venv\\Lib\\site-packages\\allure_commons\\_allure.py\", line 192, in impl\n    return func(*a, **kw)\n           ^^^^^^^^^^^^^^\n  File \"E:\\graduation_project\\helpers\\base.py\", line 23, in wait_for_clicable\n    assert False, f\"Element {locator} not clicable\"\n"}, "steps": [{"name": "wait for clicable element", "status": "failed", "statusDetails": {"message": "AssertionError: Element ('css selector', '[href=\"/nonfiction_books/popuri_01309.html\"]') not clicable\n", "trace": "  File \"E:\\graduation_project\\venv\\Lib\\site-packages\\allure_commons\\_allure.py\", line 192, in impl\n    return func(*a, **kw)\n           ^^^^^^^^^^^^^^\n  File \"E:\\graduation_project\\helpers\\base.py\", line 23, in wait_for_clicable\n    assert False, f\"Element {locator} not clicable\"\n"}, "parameters": [{"name": "locator", "value": "('css selector', '[href=\"/nonfiction_books/popuri_01309.html\"]')"}], "start": 1700146574650, "stop": 1700146585175}], "parameters": [{"name": "locator", "value": "('css selector', '[href=\"/nonfiction_books/popuri_01309.html\"]')"}], "start": 1700146574650, "stop": 1700146585178}], "parameters": [{"name": "product", "value": "('css selector', '[href=\"/nonfiction_books/popuri_01309.html\"]')"}], "start": 1700146574650, "stop": 1700146585180}], "start": 1700146570179, "stop": 1700146585182, "uuid": "577afd54-550f-44e8-bb9e-d871f693cf81", "historyId": "c992f18eae1781e9bb97083d8746cbff", "testCaseId": "c992f18eae1781e9bb97083d8746cbff", "fullName": "tests.test_header.TestHeader#test_catalog_search", "labels": [{"name": "story", "value": "Checks the page of the entered product"}, {"name": "severity", "value": "normal"}, {"name": "feature", "value": "Catalog search"}, {"name": "parentSuite", "value": "tests"}, {"name": "suite", "value": "test_header"}, {"name": "subSuite", "value": "TestHeader"}, {"name": "host", "value": "DESKTOP-U090JD3"}, {"name": "thread", "value": "7652-MainThread"}, {"name": "framework", "value": "pytest"}, {"name": "language", "value": "cpython3"}, {"name": "package", "value": "tests.test_header"}]}