{"name": "test_add_product_to_favorites", "status": "failed", "statusDetails": {"message": "AssertionError: Element ('css selector', '[href=\"/mouses/deathadderessentialrz0103850200r3m1_razer.html\"]') not clicable", "trace": "self = <pages.basket_page.BasketPage object at 0x000001EC908E3E10>\nlocator = ('css selector', '[href=\"/mouses/deathadderessentialrz0103850200r3m1_razer.html\"]')\n\n    def wait_for_clicable(self, locator):\n        \"\"\"Waiting until the element becomes clickable otherwise an error will\n        be caused.\"\"\"\n        try:\n>           return WebDriverWait(self.driver, self.wait_until).until(\n                EC.element_to_be_clickable(locator))\n\nhelpers\\base.py:18: \n_ _ _ _ _ _ _ _ _ _ _ _ _ _ _ _ _ _ _ _ _ _ _ _ _ _ _ _ _ _ _ _ _ _ _ _ _ _ _ _\n\nself = <selenium.webdriver.support.wait.WebDriverWait (session=\"4e466b7cb4466b5f28b9bd41cf6f705d\")>\nmethod = <function element_to_be_clickable.<locals>._predicate at 0x000001EC922BDEE0>\nmessage = ''\n\n    def until(self, method: Callable[[WebDriver], Union[Literal[False], T]], message: str = \"\") -> T:\n        \"\"\"Calls the method provided with the driver as an argument until the \\\n        return value does not evaluate to ``False``.\n    \n        :param method: callable(WebDriver)\n        :param message: optional message for :exc:`TimeoutException`\n        :returns: the result of the last call to `method`\n        :raises: :exc:`selenium.common.exceptions.TimeoutException` if timeout occurs\n        \"\"\"\n        screen = None\n        stacktrace = None\n    \n        end_time = time.monotonic() + self._timeout\n        while True:\n            try:\n                value = method(self._driver)\n                if value:\n                    return value\n            except self._ignored_exceptions as exc:\n                screen = getattr(exc, \"screen\", None)\n                stacktrace = getattr(exc, \"stacktrace\", None)\n            time.sleep(self._poll)\n            if time.monotonic() > end_time:\n                break\n>       raise TimeoutException(message, screen, stacktrace)\nE       selenium.common.exceptions.TimeoutException: Message: \nE       Stacktrace:\nE       \tGetHandleVerifier [0x00B972A3+45731]\nE       \t(No symbol) [0x00B22D51]\nE       \t(No symbol) [0x00A1880D]\nE       \t(No symbol) [0x00A4B940]\nE       \t(No symbol) [0x00A4BE0B]\nE       \t(No symbol) [0x00A7D1F2]\nE       \t(No symbol) [0x00A68024]\nE       \t(No symbol) [0x00A7B7A2]\nE       \t(No symbol) [0x00A67DD6]\nE       \t(No symbol) [0x00A431F6]\nE       \t(No symbol) [0x00A4439D]\nE       \tGetHandleVerifier [0x00EA0716+3229462]\nE       \tGetHandleVerifier [0x00EE84C8+3523784]\nE       \tGetHandleVerifier [0x00EE214C+3498316]\nE       \tGetHandleVerifier [0x00C21680+611968]\nE       \t(No symbol) [0x00B2CCCC]\nE       \t(No symbol) [0x00B28DF8]\nE       \t(No symbol) [0x00B28F1D]\nE       \t(No symbol) [0x00B1B2C7]\nE       \tBaseThreadInitThunk [0x76FDFCC9+25]\nE       \tRtlGetAppContainerNamedObjectPath [0x77C77C6E+286]\nE       \tRtlGetAppContainerNamedObjectPath [0x77C77C3E+238]\n\nvenv\\Lib\\site-packages\\selenium\\webdriver\\support\\wait.py:101: TimeoutException\n\nDuring handling of the above exception, another exception occurred:\n\nself = <test_basket_page.TestBasketPage object at 0x000001EC91E08950>\ndriver = <selenium.webdriver.chrome.webdriver.WebDriver (session=\"4e466b7cb4466b5f28b9bd41cf6f705d\")>\n\n    def test_add_product_to_favorites(self, driver):\n        \"\"\"Checks that if you click on the \"add product to favorites\" button\n        for a product, then going to the favorites section, this product\n        will be displayed.\"\"\"\n        main_page = MainPage(driver)\n        main_page.open_page_and_reject_cookies()\n        basket_page = BasketPage(driver)\n>       basket_page.select_a_product_and_add_it_to_cart()\n\ntests\\test_basket_page.py:39: \n_ _ _ _ _ _ _ _ _ _ _ _ _ _ _ _ _ _ _ _ _ _ _ _ _ _ _ _ _ _ _ _ _ _ _ _ _ _ _ _\npages\\basket_page.py:46: in select_a_product_and_add_it_to_cart\n    self.click_on_product(self.CHOOSE_PRODUCT_LOCATOR2)\npages\\basket_page.py:15: in click_on_product\n    self.click_on(product)\nhelpers\\base.py:44: in click_on\n    element = self.wait_for_clicable(locator)\n_ _ _ _ _ _ _ _ _ _ _ _ _ _ _ _ _ _ _ _ _ _ _ _ _ _ _ _ _ _ _ _ _ _ _ _ _ _ _ _\n\nself = <pages.basket_page.BasketPage object at 0x000001EC908E3E10>\nlocator = ('css selector', '[href=\"/mouses/deathadderessentialrz0103850200r3m1_razer.html\"]')\n\n    def wait_for_clicable(self, locator):\n        \"\"\"Waiting until the element becomes clickable otherwise an error will\n        be caused.\"\"\"\n        try:\n            return WebDriverWait(self.driver, self.wait_until).until(\n                EC.element_to_be_clickable(locator))\n        except WebDriverException:\n>           assert False, f\"Element {locator} not clicable\"\nE           AssertionError: Element ('css selector', '[href=\"/mouses/deathadderessentialrz0103850200r3m1_razer.html\"]') not clicable\n\nhelpers\\base.py:21: AssertionError"}, "description": "Checks that if you click on the \"add product to favorites\" button\n        for a product, then going to the favorites section, this product\n        will be displayed.", "start": 1700079351818, "stop": 1700079370798, "uuid": "140b6695-48a1-4643-840b-64be2d3ad7bf", "historyId": "3cb6a7c699699b5eebd9d5e5c9480234", "testCaseId": "3cb6a7c699699b5eebd9d5e5c9480234", "fullName": "tests.test_basket_page.TestBasketPage#test_add_product_to_favorites", "labels": [{"name": "parentSuite", "value": "tests"}, {"name": "suite", "value": "test_basket_page"}, {"name": "subSuite", "value": "TestBasketPage"}, {"name": "host", "value": "DESKTOP-U090JD3"}, {"name": "thread", "value": "6468-MainThread"}, {"name": "framework", "value": "pytest"}, {"name": "language", "value": "cpython3"}, {"name": "package", "value": "tests.test_basket_page"}]}