{"name": "test_all_products_added_to_favorites", "status": "failed", "statusDetails": {"message": "AssertionError: Element ('xpath', \"(//*[contains(@class, 'SlidesPerView_right__Udl1V ')])[1]\") not clicable", "trace": "self = <pages.main_page.MainPage object at 0x00000243FF9D6F50>\nlocator = ('xpath', \"(//*[contains(@class, 'SlidesPerView_right__Udl1V ')])[1]\")\n\n    def wait_for_clicable(self, locator):\n        \"\"\"Waiting until the element becomes clickable otherwise an error will\n        be caused.\"\"\"\n        try:\n>           return WebDriverWait(self.driver, self.wait_until).until(\n                EC.element_to_be_clickable(locator))\n\nhelpers\\base.py:18: \n_ _ _ _ _ _ _ _ _ _ _ _ _ _ _ _ _ _ _ _ _ _ _ _ _ _ _ _ _ _ _ _ _ _ _ _ _ _ _ _\n\nself = <selenium.webdriver.support.wait.WebDriverWait (session=\"55418501d3809d81bdcf4267a24b9fd7\")>\nmethod = <function element_to_be_clickable.<locals>._predicate at 0x00000243FF97A3E0>\nmessage = ''\n\n    def until(self, method: Callable[[WebDriver], Union[Literal[False], T]], message: str = \"\") -> T:\n        \"\"\"Calls the method provided with the driver as an argument until the \\\n        return value does not evaluate to ``False``.\n    \n        :param method: callable(WebDriver)\n        :param message: optional message for :exc:`TimeoutException`\n        :returns: the result of the last call to `method`\n        :raises: :exc:`selenium.common.exceptions.TimeoutException` if timeout occurs\n        \"\"\"\n        screen = None\n        stacktrace = None\n    \n        end_time = time.monotonic() + self._timeout\n        while True:\n            try:\n                value = method(self._driver)\n                if value:\n                    return value\n            except self._ignored_exceptions as exc:\n                screen = getattr(exc, \"screen\", None)\n                stacktrace = getattr(exc, \"stacktrace\", None)\n            time.sleep(self._poll)\n            if time.monotonic() > end_time:\n                break\n>       raise TimeoutException(message, screen, stacktrace)\nE       selenium.common.exceptions.TimeoutException: Message:\n\nvenv\\Lib\\site-packages\\selenium\\webdriver\\support\\wait.py:101: TimeoutException\n\nDuring handling of the above exception, another exception occurred:\n\nself = <test_main_page.TestMainPage object at 0x00000243FF4DB590>\ndriver = <selenium.webdriver.chrome.webdriver.WebDriver (session=\"55418501d3809d81bdcf4267a24b9fd7\")>\n\n    def test_all_products_added_to_favorites(self, driver):\n        \"\"\"Checks that all products in the \"all promotions\" section can be\n        added to favorites.\"\"\"\n        main_page = MainPage(driver)\n        main_page.open_page_and_reject_cookies()\n>       main_page.assert_adding_products_to_favorites(19)\n\ntests\\test_main_page.py:25: \n_ _ _ _ _ _ _ _ _ _ _ _ _ _ _ _ _ _ _ _ _ _ _ _ _ _ _ _ _ _ _ _ _ _ _ _ _ _ _ _\npages\\main_page.py:53: in assert_adding_products_to_favorites\n    self.click_on(self.SLIDE_ALL_PROMOTIONS_LOCATOR)\nhelpers\\base.py:44: in click_on\n    element = self.wait_for_clicable(locator)\n_ _ _ _ _ _ _ _ _ _ _ _ _ _ _ _ _ _ _ _ _ _ _ _ _ _ _ _ _ _ _ _ _ _ _ _ _ _ _ _\n\nself = <pages.main_page.MainPage object at 0x00000243FF9D6F50>\nlocator = ('xpath', \"(//*[contains(@class, 'SlidesPerView_right__Udl1V ')])[1]\")\n\n    def wait_for_clicable(self, locator):\n        \"\"\"Waiting until the element becomes clickable otherwise an error will\n        be caused.\"\"\"\n        try:\n            return WebDriverWait(self.driver, self.wait_until).until(\n                EC.element_to_be_clickable(locator))\n        except WebDriverException:\n>           assert False, f\"Element {locator} not clicable\"\nE           AssertionError: Element ('xpath', \"(//*[contains(@class, 'SlidesPerView_right__Udl1V ')])[1]\") not clicable\n\nhelpers\\base.py:21: AssertionError"}, "description": "Checks that all products in the \"all promotions\" section can be\n        added to favorites.", "start": 1700079565195, "stop": 1700079579019, "uuid": "8a830fe5-4ac3-4b52-a989-4e85d02d7083", "historyId": "11512a2c85e5ebab07d21d435577a658", "testCaseId": "11512a2c85e5ebab07d21d435577a658", "fullName": "tests.test_main_page.TestMainPage#test_all_products_added_to_favorites", "labels": [{"name": "parentSuite", "value": "tests"}, {"name": "suite", "value": "test_main_page"}, {"name": "subSuite", "value": "TestMainPage"}, {"name": "host", "value": "DESKTOP-U090JD3"}, {"name": "thread", "value": "8340-MainThread"}, {"name": "framework", "value": "pytest"}, {"name": "language", "value": "cpython3"}, {"name": "package", "value": "tests.test_main_page"}]}