{"name": "test_catalog_search", "status": "failed", "statusDetails": {"message": "AssertionError: Element ('css selector', '[href=\"/nonfiction_books/popuri_01309.html\"]') not clicable", "trace": "self = <pages.main_page.MainPage object at 0x000001E3990D0550>\nlocator = ('css selector', '[href=\"/nonfiction_books/popuri_01309.html\"]')\n\n    def wait_for_clicable(self, locator):\n        \"\"\"Waiting until the element becomes clickable otherwise an error will\n        be caused.\"\"\"\n        try:\n>           return WebDriverWait(self.driver, self.wait_until).until(\n                EC.element_to_be_clickable(locator))\n\nhelpers\\base.py:18: \n_ _ _ _ _ _ _ _ _ _ _ _ _ _ _ _ _ _ _ _ _ _ _ _ _ _ _ _ _ _ _ _ _ _ _ _ _ _ _ _\n\nself = <selenium.webdriver.support.wait.WebDriverWait (session=\"baa5925de529d02b814517d56e11feca\")>\nmethod = <function element_to_be_clickable.<locals>._predicate at 0x000001E3990D8F40>\nmessage = ''\n\n    def until(self, method: Callable[[WebDriver], Union[Literal[False], T]], message: str = \"\") -> T:\n        \"\"\"Calls the method provided with the driver as an argument until the \\\n        return value does not evaluate to ``False``.\n    \n        :param method: callable(WebDriver)\n        :param message: optional message for :exc:`TimeoutException`\n        :returns: the result of the last call to `method`\n        :raises: :exc:`selenium.common.exceptions.TimeoutException` if timeout occurs\n        \"\"\"\n        screen = None\n        stacktrace = None\n    \n        end_time = time.monotonic() + self._timeout\n        while True:\n            try:\n                value = method(self._driver)\n                if value:\n                    return value\n            except self._ignored_exceptions as exc:\n                screen = getattr(exc, \"screen\", None)\n                stacktrace = getattr(exc, \"stacktrace\", None)\n            time.sleep(self._poll)\n            if time.monotonic() > end_time:\n                break\n>       raise TimeoutException(message, screen, stacktrace)\nE       selenium.common.exceptions.TimeoutException: Message: \nE       Stacktrace:\nE       \tGetHandleVerifier [0x00007FF77E0D25B2+60402]\nE       \tMicrosoft::Applications::Events::ILogConfiguration::operator* [0x00007FF77E057302+253666]\nE       \t(No symbol) [0x00007FF77DE29C99]\nE       \t(No symbol) [0x00007FF77DE79FD4]\nE       \t(No symbol) [0x00007FF77DE7A10A]\nE       \t(No symbol) [0x00007FF77DEB81D7]\nE       \t(No symbol) [0x00007FF77DE9BACF]\nE       \t(No symbol) [0x00007FF77DE6D766]\nE       \t(No symbol) [0x00007FF77DEB5111]\nE       \t(No symbol) [0x00007FF77DE9B863]\nE       \t(No symbol) [0x00007FF77DE6C585]\nE       \t(No symbol) [0x00007FF77DE6B993]\nE       \t(No symbol) [0x00007FF77DE6CD14]\nE       \tMicrosoft::Applications::Events::EventProperty::to_string [0x00007FF77E2B3454+1161924]\nE       \t(No symbol) [0x00007FF77DEEE5F6]\nE       \tMicrosoft::Applications::Events::EventProperty::~EventProperty [0x00007FF77DFAB083+37459]\nE       \tMicrosoft::Applications::Events::EventProperty::~EventProperty [0x00007FF77DFA2C4D+3613]\nE       \tMicrosoft::Applications::Events::EventProperty::to_string [0x00007FF77E2B2194+1157124]\nE       \tMicrosoft::Applications::Events::ILogConfiguration::operator* [0x00007FF77E061658+295480]\nE       \tMicrosoft::Applications::Events::ILogConfiguration::operator* [0x00007FF77E05CB24+276228]\nE       \tMicrosoft::Applications::Events::ILogConfiguration::operator* [0x00007FF77E05CC52+276530]\nE       \tMicrosoft::Applications::Events::ILogConfiguration::operator* [0x00007FF77E04FA41+222753]\nE       \tBaseThreadInitThunk [0x00007FFE76F87344+20]\nE       \tRtlUserThreadStart [0x00007FFE785226B1+33]\n\nvenv\\Lib\\site-packages\\selenium\\webdriver\\support\\wait.py:101: TimeoutException\n\nDuring handling of the above exception, another exception occurred:\n\nself = <test_header.TestHeader object at 0x000001E3990A2C90>\ndriver = <selenium.webdriver.edge.webdriver.WebDriver (session=\"baa5925de529d02b814517d56e11feca\")>\n\n    def test_catalog_search(self, driver):\n        \"\"\"Enters the name of the product in the input field, selects the\n        product and checks that the desired page has opened.\"\"\"\n        header = MainPage(driver)\n        header.open_page_and_reject_cookies()\n        header.enter_product_text(header.request_text)\n>       header.click_on_product(header.CHOOSE_PRODUCT_LOCATOR)\n\ntests\\test_header.py:50: \n_ _ _ _ _ _ _ _ _ _ _ _ _ _ _ _ _ _ _ _ _ _ _ _ _ _ _ _ _ _ _ _ _ _ _ _ _ _ _ _\nelements\\header_element.py:28: in click_on_product\n    self.click_on(product)\nhelpers\\base.py:44: in click_on\n    element = self.wait_for_clicable(locator)\n_ _ _ _ _ _ _ _ _ _ _ _ _ _ _ _ _ _ _ _ _ _ _ _ _ _ _ _ _ _ _ _ _ _ _ _ _ _ _ _\n\nself = <pages.main_page.MainPage object at 0x000001E3990D0550>\nlocator = ('css selector', '[href=\"/nonfiction_books/popuri_01309.html\"]')\n\n    def wait_for_clicable(self, locator):\n        \"\"\"Waiting until the element becomes clickable otherwise an error will\n        be caused.\"\"\"\n        try:\n            return WebDriverWait(self.driver, self.wait_until).until(\n                EC.element_to_be_clickable(locator))\n        except WebDriverException:\n>           assert False, f\"Element {locator} not clicable\"\nE           AssertionError: Element ('css selector', '[href=\"/nonfiction_books/popuri_01309.html\"]') not clicable\n\nhelpers\\base.py:21: AssertionError"}, "description": "Enters the name of the product in the input field, selects the\n        product and checks that the desired page has opened.", "start": 1700079821774, "stop": 1700079848695, "uuid": "4183d121-54a4-4aee-ab4f-054d1148307b", "historyId": "c992f18eae1781e9bb97083d8746cbff", "testCaseId": "c992f18eae1781e9bb97083d8746cbff", "fullName": "tests.test_header.TestHeader#test_catalog_search", "labels": [{"name": "parentSuite", "value": "tests"}, {"name": "suite", "value": "test_header"}, {"name": "subSuite", "value": "TestHeader"}, {"name": "host", "value": "DESKTOP-U090JD3"}, {"name": "thread", "value": "13236-MainThread"}, {"name": "framework", "value": "pytest"}, {"name": "language", "value": "cpython3"}, {"name": "package", "value": "tests.test_header"}]}