{"name": "test_catalog_search", "status": "failed", "statusDetails": {"message": "AssertionError: Element ('css selector', '[href=\"/nonfiction_books/popuri_01309.html\"]') not clicable", "trace": "self = <pages.main_page.MainPage object at 0x000002CD33FF09D0>\nlocator = ('css selector', '[href=\"/nonfiction_books/popuri_01309.html\"]')\n\n    @allure.step('wait for clicable element')\n    def wait_for_clicable(self, locator):\n        \"\"\"Waiting until the element becomes clickable otherwise an error will\n        be caused.\"\"\"\n        try:\n>           return WebDriverWait(self.driver, self.wait_until).until(\n                EC.element_to_be_clickable(locator))\n\nhelpers\\base.py:20: \n_ _ _ _ _ _ _ _ _ _ _ _ _ _ _ _ _ _ _ _ _ _ _ _ _ _ _ _ _ _ _ _ _ _ _ _ _ _ _ _\n\nself = <selenium.webdriver.support.wait.WebDriverWait (session=\"0000ed182516b33f4751bda1e5e535a8\")>\nmethod = <function element_to_be_clickable.<locals>._predicate at 0x000002CD33FDA340>\nmessage = ''\n\n    def until(self, method: Callable[[WebDriver], Union[Literal[False], T]], message: str = \"\") -> T:\n        \"\"\"Calls the method provided with the driver as an argument until the \\\n        return value does not evaluate to ``False``.\n    \n        :param method: callable(WebDriver)\n        :param message: optional message for :exc:`TimeoutException`\n        :returns: the result of the last call to `method`\n        :raises: :exc:`selenium.common.exceptions.TimeoutException` if timeout occurs\n        \"\"\"\n        screen = None\n        stacktrace = None\n    \n        end_time = time.monotonic() + self._timeout\n        while True:\n            try:\n                value = method(self._driver)\n                if value:\n                    return value\n            except self._ignored_exceptions as exc:\n                screen = getattr(exc, \"screen\", None)\n                stacktrace = getattr(exc, \"stacktrace\", None)\n            time.sleep(self._poll)\n            if time.monotonic() > end_time:\n                break\n>       raise TimeoutException(message, screen, stacktrace)\nE       selenium.common.exceptions.TimeoutException: Message: \nE       Stacktrace:\nE       \tGetHandleVerifier [0x00007FF7EBD425B2+60402]\nE       \tMicrosoft::Applications::Events::ILogConfiguration::operator* [0x00007FF7EBCC7302+253666]\nE       \t(No symbol) [0x00007FF7EBA99C99]\nE       \t(No symbol) [0x00007FF7EBAE9FD4]\nE       \t(No symbol) [0x00007FF7EBAEA10A]\nE       \t(No symbol) [0x00007FF7EBB281D7]\nE       \t(No symbol) [0x00007FF7EBB0BACF]\nE       \t(No symbol) [0x00007FF7EBADD766]\nE       \t(No symbol) [0x00007FF7EBB25111]\nE       \t(No symbol) [0x00007FF7EBB0B863]\nE       \t(No symbol) [0x00007FF7EBADC585]\nE       \t(No symbol) [0x00007FF7EBADB993]\nE       \t(No symbol) [0x00007FF7EBADCD14]\nE       \tMicrosoft::Applications::Events::EventProperty::to_string [0x00007FF7EBF23454+1161924]\nE       \t(No symbol) [0x00007FF7EBB5E5F6]\nE       \tMicrosoft::Applications::Events::EventProperty::~EventProperty [0x00007FF7EBC1B083+37459]\nE       \tMicrosoft::Applications::Events::EventProperty::~EventProperty [0x00007FF7EBC12C4D+3613]\nE       \tMicrosoft::Applications::Events::EventProperty::to_string [0x00007FF7EBF22194+1157124]\nE       \tMicrosoft::Applications::Events::ILogConfiguration::operator* [0x00007FF7EBCD1658+295480]\nE       \tMicrosoft::Applications::Events::ILogConfiguration::operator* [0x00007FF7EBCCCB24+276228]\nE       \tMicrosoft::Applications::Events::ILogConfiguration::operator* [0x00007FF7EBCCCC52+276530]\nE       \tMicrosoft::Applications::Events::ILogConfiguration::operator* [0x00007FF7EBCBFA41+222753]\nE       \tBaseThreadInitThunk [0x00007FFB25EA7344+20]\nE       \tRtlUserThreadStart [0x00007FFB267226B1+33]\n\nvenv\\Lib\\site-packages\\selenium\\webdriver\\support\\wait.py:101: TimeoutException\n\nDuring handling of the above exception, another exception occurred:\n\nself = <test_header.TestHeader object at 0x000002CD33F71810>\ndriver = <selenium.webdriver.edge.webdriver.WebDriver (session=\"0000ed182516b33f4751bda1e5e535a8\")>\n\n    @allure.feature('Catalog search')\n    @allure.severity(allure.severity_level.NORMAL)\n    @allure.story('Checks the page of the entered product')\n    def test_catalog_search(self, driver):\n        \"\"\"Enters the name of the product in the input field, selects the\n        product and checks that the desired page has opened.\"\"\"\n        header = MainPage(driver)\n        header.open_page_and_reject_cookies()\n        header.enter_product_text(header.request_text)\n>       header.click_on_product(header.CHOOSE_PRODUCT_LOCATOR)\n\ntests\\test_header.py:63: \n_ _ _ _ _ _ _ _ _ _ _ _ _ _ _ _ _ _ _ _ _ _ _ _ _ _ _ _ _ _ _ _ _ _ _ _ _ _ _ _\nelements\\header_element.py:34: in click_on_product\n    self.click_on(product)\nhelpers\\base.py:50: in click_on\n    element = self.wait_for_clicable(locator)\n_ _ _ _ _ _ _ _ _ _ _ _ _ _ _ _ _ _ _ _ _ _ _ _ _ _ _ _ _ _ _ _ _ _ _ _ _ _ _ _\n\nself = <pages.main_page.MainPage object at 0x000002CD33FF09D0>\nlocator = ('css selector', '[href=\"/nonfiction_books/popuri_01309.html\"]')\n\n    @allure.step('wait for clicable element')\n    def wait_for_clicable(self, locator):\n        \"\"\"Waiting until the element becomes clickable otherwise an error will\n        be caused.\"\"\"\n        try:\n            return WebDriverWait(self.driver, self.wait_until).until(\n                EC.element_to_be_clickable(locator))\n        except WebDriverException:\n>           assert False, f\"Element {locator} not clicable\"\nE           AssertionError: Element ('css selector', '[href=\"/nonfiction_books/popuri_01309.html\"]') not clicable\n\nhelpers\\base.py:23: AssertionError"}, "description": "Enters the name of the product in the input field, selects the\n        product and checks that the desired page has opened.", "steps": [{"name": "Open page and reject cookies", "status": "passed", "steps": [{"name": "open main page", "status": "passed", "start": 1700166776867, "stop": 1700166779504}, {"name": "Reject cookies", "status": "passed", "steps": [{"name": "Click on element using js scripts", "status": "passed", "steps": [{"name": "wait for clicable element", "status": "passed", "parameters": [{"name": "locator", "value": "('css selector', '[aria-label=\"Отклонить\"]')"}], "start": 1700166779504, "stop": 1700166780455}], "parameters": [{"name": "locator", "value": "('css selector', '[aria-label=\"Отклонить\"]')"}], "start": 1700166779504, "stop": 1700166780494}, {"name": "Click on element using js scripts", "status": "passed", "steps": [{"name": "wait for clicable element", "status": "passed", "parameters": [{"name": "locator", "value": "('css selector', '[aria-label=\"Отклонить\"]')"}], "start": 1700166780494, "stop": 1700166780532}], "parameters": [{"name": "locator", "value": "('css selector', '[aria-label=\"Отклонить\"]')"}], "start": 1700166780494, "stop": 1700166780567}], "start": 1700166779504, "stop": 1700166780567}], "start": 1700166776867, "stop": 1700166780567}, {"name": "Enter product text", "status": "passed", "steps": [{"name": "Click on element", "status": "passed", "steps": [{"name": "wait for clicable element", "status": "passed", "parameters": [{"name": "locator", "value": "('id', 'catalogSearch')"}], "start": 1700166780568, "stop": 1700166780774}], "parameters": [{"name": "locator", "value": "('id', 'catalogSearch')"}], "start": 1700166780568, "stop": 1700166780891}, {"name": "Fill field with text", "status": "passed", "steps": [{"name": "wait for clicable element", "status": "passed", "parameters": [{"name": "locator", "value": "('id', 'catalogSearch')"}], "start": 1700166780893, "stop": 1700166780941}, {"name": "Clear an input field by simulating button presses", "status": "passed", "steps": [{"name": "wait for clicable element", "status": "passed", "parameters": [{"name": "locator", "value": "<selenium.webdriver.remote.webelement.WebElement (session=\"0000ed182516b33f4751bda1e5e535a8\", element=\"C6A99133B230E72E30DB94118080FC76_element_62\")>"}], "start": 1700166780941, "stop": 1700166780969}], "parameters": [{"name": "locator", "value": "<selenium.webdriver.remote.webelement.WebElement (session=\"0000ed182516b33f4751bda1e5e535a8\", element=\"C6A99133B230E72E30DB94118080FC76_element_62\")>"}], "start": 1700166780941, "stop": 1700166781025}], "parameters": [{"name": "locator", "value": "('id', 'catalogSearch')"}, {"name": "text", "value": "'6.564.524'"}], "start": 1700166780891, "stop": 1700166781140}], "parameters": [{"name": "product", "value": "'6.564.524'"}], "start": 1700166780568, "stop": 1700166781140}, {"name": "Click on product", "status": "failed", "statusDetails": {"message": "AssertionError: Element ('css selector', '[href=\"/nonfiction_books/popuri_01309.html\"]') not clicable\n", "trace": "  File \"E:\\graduation_project\\venv\\Lib\\site-packages\\allure_commons\\_allure.py\", line 192, in impl\n    return func(*a, **kw)\n           ^^^^^^^^^^^^^^\n  File \"E:\\graduation_project\\elements\\header_element.py\", line 34, in click_on_product\n    self.click_on(product)\n  File \"E:\\graduation_project\\venv\\Lib\\site-packages\\allure_commons\\_allure.py\", line 192, in impl\n    return func(*a, **kw)\n           ^^^^^^^^^^^^^^\n  File \"E:\\graduation_project\\helpers\\base.py\", line 50, in click_on\n    element = self.wait_for_clicable(locator)\n              ^^^^^^^^^^^^^^^^^^^^^^^^^^^^^^^\n  File \"E:\\graduation_project\\venv\\Lib\\site-packages\\allure_commons\\_allure.py\", line 192, in impl\n    return func(*a, **kw)\n           ^^^^^^^^^^^^^^\n  File \"E:\\graduation_project\\helpers\\base.py\", line 23, in wait_for_clicable\n    assert False, f\"Element {locator} not clicable\"\n"}, "steps": [{"name": "Click on element", "status": "failed", "statusDetails": {"message": "AssertionError: Element ('css selector', '[href=\"/nonfiction_books/popuri_01309.html\"]') not clicable\n", "trace": "  File \"E:\\graduation_project\\venv\\Lib\\site-packages\\allure_commons\\_allure.py\", line 192, in impl\n    return func(*a, **kw)\n           ^^^^^^^^^^^^^^\n  File \"E:\\graduation_project\\helpers\\base.py\", line 50, in click_on\n    element = self.wait_for_clicable(locator)\n              ^^^^^^^^^^^^^^^^^^^^^^^^^^^^^^^\n  File \"E:\\graduation_project\\venv\\Lib\\site-packages\\allure_commons\\_allure.py\", line 192, in impl\n    return func(*a, **kw)\n           ^^^^^^^^^^^^^^\n  File \"E:\\graduation_project\\helpers\\base.py\", line 23, in wait_for_clicable\n    assert False, f\"Element {locator} not clicable\"\n"}, "steps": [{"name": "wait for clicable element", "status": "failed", "statusDetails": {"message": "AssertionError: Element ('css selector', '[href=\"/nonfiction_books/popuri_01309.html\"]') not clicable\n", "trace": "  File \"E:\\graduation_project\\venv\\Lib\\site-packages\\allure_commons\\_allure.py\", line 192, in impl\n    return func(*a, **kw)\n           ^^^^^^^^^^^^^^\n  File \"E:\\graduation_project\\helpers\\base.py\", line 23, in wait_for_clicable\n    assert False, f\"Element {locator} not clicable\"\n"}, "parameters": [{"name": "locator", "value": "('css selector', '[href=\"/nonfiction_books/popuri_01309.html\"]')"}], "start": 1700166781140, "stop": 1700166791681}], "parameters": [{"name": "locator", "value": "('css selector', '[href=\"/nonfiction_books/popuri_01309.html\"]')"}], "start": 1700166781140, "stop": 1700166791682}], "parameters": [{"name": "product", "value": "('css selector', '[href=\"/nonfiction_books/popuri_01309.html\"]')"}], "start": 1700166781140, "stop": 1700166791682}], "start": 1700166776867, "stop": 1700166791684, "uuid": "3d595cd9-b281-446a-83e1-0ab9ee89aea5", "historyId": "c992f18eae1781e9bb97083d8746cbff", "testCaseId": "c992f18eae1781e9bb97083d8746cbff", "fullName": "tests.test_header.TestHeader#test_catalog_search", "labels": [{"name": "story", "value": "Checks the page of the entered product"}, {"name": "feature", "value": "Catalog search"}, {"name": "severity", "value": "normal"}, {"name": "parentSuite", "value": "tests"}, {"name": "suite", "value": "test_header"}, {"name": "subSuite", "value": "TestHeader"}, {"name": "host", "value": "DESKTOP-U090JD3"}, {"name": "thread", "value": "6972-MainThread"}, {"name": "framework", "value": "pytest"}, {"name": "language", "value": "cpython3"}, {"name": "package", "value": "tests.test_header"}]}