{"name": "test_cart_operation", "status": "failed", "statusDetails": {"message": "AssertionError: Element ('css selector', '[href=\"/mouses/deathadderessentialrz0103850200r3m1_razer.html\"]') not clicable", "trace": "self = <pages.basket_page.BasketPage object at 0x000002CD33F83750>\nlocator = ('css selector', '[href=\"/mouses/deathadderessentialrz0103850200r3m1_razer.html\"]')\n\n    @allure.step('wait for clicable element')\n    def wait_for_clicable(self, locator):\n        \"\"\"Waiting until the element becomes clickable otherwise an error will\n        be caused.\"\"\"\n        try:\n>           return WebDriverWait(self.driver, self.wait_until).until(\n                EC.element_to_be_clickable(locator))\n\nhelpers\\base.py:20: \n_ _ _ _ _ _ _ _ _ _ _ _ _ _ _ _ _ _ _ _ _ _ _ _ _ _ _ _ _ _ _ _ _ _ _ _ _ _ _ _\n\nself = <selenium.webdriver.support.wait.WebDriverWait (session=\"6b2822098112f9ea92bc6f6c0018c26a\")>\nmethod = <function element_to_be_clickable.<locals>._predicate at 0x000002CD33F8E020>\nmessage = ''\n\n    def until(self, method: Callable[[WebDriver], Union[Literal[False], T]], message: str = \"\") -> T:\n        \"\"\"Calls the method provided with the driver as an argument until the \\\n        return value does not evaluate to ``False``.\n    \n        :param method: callable(WebDriver)\n        :param message: optional message for :exc:`TimeoutException`\n        :returns: the result of the last call to `method`\n        :raises: :exc:`selenium.common.exceptions.TimeoutException` if timeout occurs\n        \"\"\"\n        screen = None\n        stacktrace = None\n    \n        end_time = time.monotonic() + self._timeout\n        while True:\n            try:\n                value = method(self._driver)\n                if value:\n                    return value\n            except self._ignored_exceptions as exc:\n                screen = getattr(exc, \"screen\", None)\n                stacktrace = getattr(exc, \"stacktrace\", None)\n            time.sleep(self._poll)\n            if time.monotonic() > end_time:\n                break\n>       raise TimeoutException(message, screen, stacktrace)\nE       selenium.common.exceptions.TimeoutException: Message: \nE       Stacktrace:\nE       \tGetHandleVerifier [0x00007FF7EBD425B2+60402]\nE       \tMicrosoft::Applications::Events::ILogConfiguration::operator* [0x00007FF7EBCC7302+253666]\nE       \t(No symbol) [0x00007FF7EBA99C99]\nE       \t(No symbol) [0x00007FF7EBAE9FD4]\nE       \t(No symbol) [0x00007FF7EBAEA10A]\nE       \t(No symbol) [0x00007FF7EBB281D7]\nE       \t(No symbol) [0x00007FF7EBB0BACF]\nE       \t(No symbol) [0x00007FF7EBADD766]\nE       \t(No symbol) [0x00007FF7EBB25111]\nE       \t(No symbol) [0x00007FF7EBB0B863]\nE       \t(No symbol) [0x00007FF7EBADC585]\nE       \t(No symbol) [0x00007FF7EBADB993]\nE       \t(No symbol) [0x00007FF7EBADCD14]\nE       \tMicrosoft::Applications::Events::EventProperty::to_string [0x00007FF7EBF23454+1161924]\nE       \t(No symbol) [0x00007FF7EBB5E5F6]\nE       \tMicrosoft::Applications::Events::EventProperty::~EventProperty [0x00007FF7EBC1B083+37459]\nE       \tMicrosoft::Applications::Events::EventProperty::~EventProperty [0x00007FF7EBC12C4D+3613]\nE       \tMicrosoft::Applications::Events::EventProperty::to_string [0x00007FF7EBF22194+1157124]\nE       \tMicrosoft::Applications::Events::ILogConfiguration::operator* [0x00007FF7EBCD1658+295480]\nE       \tMicrosoft::Applications::Events::ILogConfiguration::operator* [0x00007FF7EBCCCB24+276228]\nE       \tMicrosoft::Applications::Events::ILogConfiguration::operator* [0x00007FF7EBCCCC52+276530]\nE       \tMicrosoft::Applications::Events::ILogConfiguration::operator* [0x00007FF7EBCBFA41+222753]\nE       \tBaseThreadInitThunk [0x00007FFB25EA7344+20]\nE       \tRtlUserThreadStart [0x00007FFB267226B1+33]\n\nvenv\\Lib\\site-packages\\selenium\\webdriver\\support\\wait.py:101: TimeoutException\n\nDuring handling of the above exception, another exception occurred:\n\nself = <test_basket_page.TestBasketPage object at 0x000002CD32DEA090>\ndriver = <selenium.webdriver.edge.webdriver.WebDriver (session=\"6b2822098112f9ea92bc6f6c0018c26a\")>\n\n    @allure.feature('Basket')\n    @allure.severity(allure.severity_level.CRITICAL)\n    @allure.story('Checks the display of goods in the cart')\n    def test_cart_operation(self, driver):\n        \"\"\"Checks that when adding an item to the cart, the quantity and name\n        of the goods are displayed.\"\"\"\n        main_page = MainPage(driver)\n        main_page.open_page_and_reject_cookies()\n        basket_page = BasketPage(driver)\n>       basket_page.select_a_product_and_add_it_to_cart()\n\ntests\\test_basket_page.py:19: \n_ _ _ _ _ _ _ _ _ _ _ _ _ _ _ _ _ _ _ _ _ _ _ _ _ _ _ _ _ _ _ _ _ _ _ _ _ _ _ _\npages\\basket_page.py:56: in select_a_product_and_add_it_to_cart\n    self.click_on_product(self.CHOOSE_PRODUCT_LOCATOR2)\npages\\basket_page.py:18: in click_on_product\n    self.click_on(product)\nhelpers\\base.py:50: in click_on\n    element = self.wait_for_clicable(locator)\n_ _ _ _ _ _ _ _ _ _ _ _ _ _ _ _ _ _ _ _ _ _ _ _ _ _ _ _ _ _ _ _ _ _ _ _ _ _ _ _\n\nself = <pages.basket_page.BasketPage object at 0x000002CD33F83750>\nlocator = ('css selector', '[href=\"/mouses/deathadderessentialrz0103850200r3m1_razer.html\"]')\n\n    @allure.step('wait for clicable element')\n    def wait_for_clicable(self, locator):\n        \"\"\"Waiting until the element becomes clickable otherwise an error will\n        be caused.\"\"\"\n        try:\n            return WebDriverWait(self.driver, self.wait_until).until(\n                EC.element_to_be_clickable(locator))\n        except WebDriverException:\n>           assert False, f\"Element {locator} not clicable\"\nE           AssertionError: Element ('css selector', '[href=\"/mouses/deathadderessentialrz0103850200r3m1_razer.html\"]') not clicable\n\nhelpers\\base.py:23: AssertionError"}, "description": "Checks that when adding an item to the cart, the quantity and name\n        of the goods are displayed.", "steps": [{"name": "Open page and reject cookies", "status": "passed", "steps": [{"name": "open main page", "status": "passed", "start": 1700166562973, "stop": 1700166567483}, {"name": "Reject cookies", "status": "passed", "steps": [{"name": "Click on element using js scripts", "status": "passed", "steps": [{"name": "wait for clicable element", "status": "passed", "parameters": [{"name": "locator", "value": "('css selector', '[aria-label=\"Отклонить\"]')"}], "start": 1700166567484, "stop": 1700166568547}], "parameters": [{"name": "locator", "value": "('css selector', '[aria-label=\"Отклонить\"]')"}], "start": 1700166567483, "stop": 1700166568606}, {"name": "Click on element using js scripts", "status": "passed", "steps": [{"name": "wait for clicable element", "status": "passed", "parameters": [{"name": "locator", "value": "('css selector', '[aria-label=\"Отклонить\"]')"}], "start": 1700166568607, "stop": 1700166568802}], "parameters": [{"name": "locator", "value": "('css selector', '[aria-label=\"Отклонить\"]')"}], "start": 1700166568607, "stop": 1700166568975}], "start": 1700166567483, "stop": 1700166568975}], "start": 1700166562973, "stop": 1700166568975}, {"name": "Select a product and add it to cart", "status": "failed", "statusDetails": {"message": "AssertionError: Element ('css selector', '[href=\"/mouses/deathadderessentialrz0103850200r3m1_razer.html\"]') not clicable\n", "trace": "  File \"E:\\graduation_project\\venv\\Lib\\site-packages\\allure_commons\\_allure.py\", line 192, in impl\n    return func(*a, **kw)\n           ^^^^^^^^^^^^^^\n  File \"E:\\graduation_project\\pages\\basket_page.py\", line 56, in select_a_product_and_add_it_to_cart\n    self.click_on_product(self.CHOOSE_PRODUCT_LOCATOR2)\n  File \"E:\\graduation_project\\venv\\Lib\\site-packages\\allure_commons\\_allure.py\", line 192, in impl\n    return func(*a, **kw)\n           ^^^^^^^^^^^^^^\n  File \"E:\\graduation_project\\pages\\basket_page.py\", line 18, in click_on_product\n    self.click_on(product)\n  File \"E:\\graduation_project\\venv\\Lib\\site-packages\\allure_commons\\_allure.py\", line 192, in impl\n    return func(*a, **kw)\n           ^^^^^^^^^^^^^^\n  File \"E:\\graduation_project\\helpers\\base.py\", line 50, in click_on\n    element = self.wait_for_clicable(locator)\n              ^^^^^^^^^^^^^^^^^^^^^^^^^^^^^^^\n  File \"E:\\graduation_project\\venv\\Lib\\site-packages\\allure_commons\\_allure.py\", line 192, in impl\n    return func(*a, **kw)\n           ^^^^^^^^^^^^^^\n  File \"E:\\graduation_project\\helpers\\base.py\", line 23, in wait_for_clicable\n    assert False, f\"Element {locator} not clicable\"\n"}, "steps": [{"name": "Enter product text", "status": "passed", "steps": [{"name": "Click on element", "status": "passed", "steps": [{"name": "wait for clicable element", "status": "passed", "parameters": [{"name": "locator", "value": "('id', 'catalogSearch')"}], "start": 1700166568975, "stop": 1700166569358}], "parameters": [{"name": "locator", "value": "('id', 'catalogSearch')"}], "start": 1700166568975, "stop": 1700166569503}, {"name": "Fill field with text", "status": "passed", "steps": [{"name": "wait for clicable element", "status": "passed", "parameters": [{"name": "locator", "value": "('id', 'catalogSearch')"}], "start": 1700166569505, "stop": 1700166569587}, {"name": "Clear an input field by simulating button presses", "status": "passed", "steps": [{"name": "wait for clicable element", "status": "passed", "parameters": [{"name": "locator", "value": "<selenium.webdriver.remote.webelement.WebElement (session=\"6b2822098112f9ea92bc6f6c0018c26a\", element=\"6A50510809BBBAF9F015D91800592D6E_element_61\")>"}], "start": 1700166569587, "stop": 1700166569632}], "parameters": [{"name": "locator", "value": "<selenium.webdriver.remote.webelement.WebElement (session=\"6b2822098112f9ea92bc6f6c0018c26a\", element=\"6A50510809BBBAF9F015D91800592D6E_element_61\")>"}], "start": 1700166569587, "stop": 1700166569744}], "parameters": [{"name": "locator", "value": "('id', 'catalogSearch')"}, {"name": "text", "value": "'6.852.245'"}], "start": 1700166569503, "stop": 1700166569922}], "parameters": [{"name": "product", "value": "'6.852.245'"}], "start": 1700166568975, "stop": 1700166569922}, {"name": "Click on product", "status": "failed", "statusDetails": {"message": "AssertionError: Element ('css selector', '[href=\"/mouses/deathadderessentialrz0103850200r3m1_razer.html\"]') not clicable\n", "trace": "  File \"E:\\graduation_project\\venv\\Lib\\site-packages\\allure_commons\\_allure.py\", line 192, in impl\n    return func(*a, **kw)\n           ^^^^^^^^^^^^^^\n  File \"E:\\graduation_project\\pages\\basket_page.py\", line 18, in click_on_product\n    self.click_on(product)\n  File \"E:\\graduation_project\\venv\\Lib\\site-packages\\allure_commons\\_allure.py\", line 192, in impl\n    return func(*a, **kw)\n           ^^^^^^^^^^^^^^\n  File \"E:\\graduation_project\\helpers\\base.py\", line 50, in click_on\n    element = self.wait_for_clicable(locator)\n              ^^^^^^^^^^^^^^^^^^^^^^^^^^^^^^^\n  File \"E:\\graduation_project\\venv\\Lib\\site-packages\\allure_commons\\_allure.py\", line 192, in impl\n    return func(*a, **kw)\n           ^^^^^^^^^^^^^^\n  File \"E:\\graduation_project\\helpers\\base.py\", line 23, in wait_for_clicable\n    assert False, f\"Element {locator} not clicable\"\n"}, "steps": [{"name": "Click on element", "status": "failed", "statusDetails": {"message": "AssertionError: Element ('css selector', '[href=\"/mouses/deathadderessentialrz0103850200r3m1_razer.html\"]') not clicable\n", "trace": "  File \"E:\\graduation_project\\venv\\Lib\\site-packages\\allure_commons\\_allure.py\", line 192, in impl\n    return func(*a, **kw)\n           ^^^^^^^^^^^^^^\n  File \"E:\\graduation_project\\helpers\\base.py\", line 50, in click_on\n    element = self.wait_for_clicable(locator)\n              ^^^^^^^^^^^^^^^^^^^^^^^^^^^^^^^\n  File \"E:\\graduation_project\\venv\\Lib\\site-packages\\allure_commons\\_allure.py\", line 192, in impl\n    return func(*a, **kw)\n           ^^^^^^^^^^^^^^\n  File \"E:\\graduation_project\\helpers\\base.py\", line 23, in wait_for_clicable\n    assert False, f\"Element {locator} not clicable\"\n"}, "steps": [{"name": "wait for clicable element", "status": "failed", "statusDetails": {"message": "AssertionError: Element ('css selector', '[href=\"/mouses/deathadderessentialrz0103850200r3m1_razer.html\"]') not clicable\n", "trace": "  File \"E:\\graduation_project\\venv\\Lib\\site-packages\\allure_commons\\_allure.py\", line 192, in impl\n    return func(*a, **kw)\n           ^^^^^^^^^^^^^^\n  File \"E:\\graduation_project\\helpers\\base.py\", line 23, in wait_for_clicable\n    assert False, f\"Element {locator} not clicable\"\n"}, "parameters": [{"name": "locator", "value": "('css selector', '[href=\"/mouses/deathadderessentialrz0103850200r3m1_razer.html\"]')"}], "start": 1700166569922, "stop": 1700166580493}], "parameters": [{"name": "locator", "value": "('css selector', '[href=\"/mouses/deathadderessentialrz0103850200r3m1_razer.html\"]')"}], "start": 1700166569922, "stop": 1700166580494}], "parameters": [{"name": "product", "value": "('css selector', '[href=\"/mouses/deathadderessentialrz0103850200r3m1_razer.html\"]')"}], "start": 1700166569922, "stop": 1700166580495}], "start": 1700166568975, "stop": 1700166580496}], "start": 1700166562973, "stop": 1700166580497, "uuid": "b0a360d4-64f5-4320-ae91-fd45da0832fc", "historyId": "d4837cc2cfee3b275771c014cc170943", "testCaseId": "d4837cc2cfee3b275771c014cc170943", "fullName": "tests.test_basket_page.TestBasketPage#test_cart_operation", "labels": [{"name": "severity", "value": "critical"}, {"name": "feature", "value": "Basket"}, {"name": "story", "value": "Checks the display of goods in the cart"}, {"name": "parentSuite", "value": "tests"}, {"name": "suite", "value": "test_basket_page"}, {"name": "subSuite", "value": "TestBasketPage"}, {"name": "host", "value": "DESKTOP-U090JD3"}, {"name": "thread", "value": "6972-MainThread"}, {"name": "framework", "value": "pytest"}, {"name": "language", "value": "cpython3"}, {"name": "package", "value": "tests.test_basket_page"}]}