{"name": "test_add_product_to_favorites", "status": "failed", "statusDetails": {"message": "AssertionError: Element ('css selector', '[href=\"/mouses/deathadderessentialrz0103850200r3m1_razer.html\"]') not clicable", "trace": "self = <pages.basket_page.BasketPage object at 0x0000016CC54A63D0>\nlocator = ('css selector', '[href=\"/mouses/deathadderessentialrz0103850200r3m1_razer.html\"]')\n\n    @allure.step('wait for clicable element')\n    def wait_for_clicable(self, locator):\n        \"\"\"Waiting until the element becomes clickable otherwise an error will\n        be caused.\"\"\"\n        try:\n>           return WebDriverWait(self.driver, self.wait_until).until(\n                EC.element_to_be_clickable(locator))\n\nhelpers\\base.py:20: \n_ _ _ _ _ _ _ _ _ _ _ _ _ _ _ _ _ _ _ _ _ _ _ _ _ _ _ _ _ _ _ _ _ _ _ _ _ _ _ _\n\nself = <selenium.webdriver.support.wait.WebDriverWait (session=\"7b3b4fee8f4fc049671131808a01d206\")>\nmethod = <function element_to_be_clickable.<locals>._predicate at 0x0000016CC54B22A0>\nmessage = ''\n\n    def until(self, method: Callable[[WebDriver], Union[Literal[False], T]], message: str = \"\") -> T:\n        \"\"\"Calls the method provided with the driver as an argument until the \\\n        return value does not evaluate to ``False``.\n    \n        :param method: callable(WebDriver)\n        :param message: optional message for :exc:`TimeoutException`\n        :returns: the result of the last call to `method`\n        :raises: :exc:`selenium.common.exceptions.TimeoutException` if timeout occurs\n        \"\"\"\n        screen = None\n        stacktrace = None\n    \n        end_time = time.monotonic() + self._timeout\n        while True:\n            try:\n                value = method(self._driver)\n                if value:\n                    return value\n            except self._ignored_exceptions as exc:\n                screen = getattr(exc, \"screen\", None)\n                stacktrace = getattr(exc, \"stacktrace\", None)\n            time.sleep(self._poll)\n            if time.monotonic() > end_time:\n                break\n>       raise TimeoutException(message, screen, stacktrace)\nE       selenium.common.exceptions.TimeoutException: Message: \nE       Stacktrace:\nE       \tGetHandleVerifier [0x00007FF629FD25B2+60402]\nE       \tMicrosoft::Applications::Events::ILogConfiguration::operator* [0x00007FF629F57302+253666]\nE       \t(No symbol) [0x00007FF629D29C99]\nE       \t(No symbol) [0x00007FF629D79FD4]\nE       \t(No symbol) [0x00007FF629D7A10A]\nE       \t(No symbol) [0x00007FF629DB81D7]\nE       \t(No symbol) [0x00007FF629D9BACF]\nE       \t(No symbol) [0x00007FF629D6D766]\nE       \t(No symbol) [0x00007FF629DB5111]\nE       \t(No symbol) [0x00007FF629D9B863]\nE       \t(No symbol) [0x00007FF629D6C585]\nE       \t(No symbol) [0x00007FF629D6B993]\nE       \t(No symbol) [0x00007FF629D6CD14]\nE       \tMicrosoft::Applications::Events::EventProperty::to_string [0x00007FF62A1B3454+1161924]\nE       \t(No symbol) [0x00007FF629DEE5F6]\nE       \tMicrosoft::Applications::Events::EventProperty::~EventProperty [0x00007FF629EAB083+37459]\nE       \tMicrosoft::Applications::Events::EventProperty::~EventProperty [0x00007FF629EA2C4D+3613]\nE       \tMicrosoft::Applications::Events::EventProperty::to_string [0x00007FF62A1B2194+1157124]\nE       \tMicrosoft::Applications::Events::ILogConfiguration::operator* [0x00007FF629F61658+295480]\nE       \tMicrosoft::Applications::Events::ILogConfiguration::operator* [0x00007FF629F5CB24+276228]\nE       \tMicrosoft::Applications::Events::ILogConfiguration::operator* [0x00007FF629F5CC52+276530]\nE       \tMicrosoft::Applications::Events::ILogConfiguration::operator* [0x00007FF629F4FA41+222753]\nE       \tBaseThreadInitThunk [0x00007FFC160C7344+20]\nE       \tRtlUserThreadStart [0x00007FFC16C226B1+33]\n\nvenv\\Lib\\site-packages\\selenium\\webdriver\\support\\wait.py:101: TimeoutException\n\nDuring handling of the above exception, another exception occurred:\n\nself = <test_basket_page.TestBasketPage object at 0x0000016CC5479190>\ndriver = <selenium.webdriver.edge.webdriver.WebDriver (session=\"7b3b4fee8f4fc049671131808a01d206\")>\n\n    @allure.feature('Favorites')\n    @allure.severity(allure.severity_level.MINOR)\n    @allure.story('Checks whether a product has been added to favorites')\n    def test_add_product_to_favorites(self, driver):\n        \"\"\"Checks that if you click on the \"add product to favorites\" button\n        for a product, then going to the favorites section, this product\n        will be displayed.\"\"\"\n        main_page = MainPage(driver)\n        main_page.open_page_and_reject_cookies()\n        basket_page = BasketPage(driver)\n>       basket_page.select_a_product_and_add_it_to_cart()\n\ntests\\test_basket_page.py:47: \n_ _ _ _ _ _ _ _ _ _ _ _ _ _ _ _ _ _ _ _ _ _ _ _ _ _ _ _ _ _ _ _ _ _ _ _ _ _ _ _\npages\\basket_page.py:56: in select_a_product_and_add_it_to_cart\n    self.click_on_product(self.CHOOSE_PRODUCT_LOCATOR2)\npages\\basket_page.py:18: in click_on_product\n    self.click_on(product)\nhelpers\\base.py:50: in click_on\n    element = self.wait_for_clicable(locator)\n_ _ _ _ _ _ _ _ _ _ _ _ _ _ _ _ _ _ _ _ _ _ _ _ _ _ _ _ _ _ _ _ _ _ _ _ _ _ _ _\n\nself = <pages.basket_page.BasketPage object at 0x0000016CC54A63D0>\nlocator = ('css selector', '[href=\"/mouses/deathadderessentialrz0103850200r3m1_razer.html\"]')\n\n    @allure.step('wait for clicable element')\n    def wait_for_clicable(self, locator):\n        \"\"\"Waiting until the element becomes clickable otherwise an error will\n        be caused.\"\"\"\n        try:\n            return WebDriverWait(self.driver, self.wait_until).until(\n                EC.element_to_be_clickable(locator))\n        except WebDriverException:\n>           assert False, f\"Element {locator} not clicable\"\nE           AssertionError: Element ('css selector', '[href=\"/mouses/deathadderessentialrz0103850200r3m1_razer.html\"]') not clicable\n\nhelpers\\base.py:23: AssertionError"}, "description": "Checks that if you click on the \"add product to favorites\" button\n        for a product, then going to the favorites section, this product\n        will be displayed.", "steps": [{"name": "Open page and reject cookies", "status": "passed", "steps": [{"name": "open main page", "status": "passed", "start": 1700146777835, "stop": 1700146784011}, {"name": "Reject cookies", "status": "passed", "steps": [{"name": "Click on element using js scripts", "status": "passed", "steps": [{"name": "wait for clicable element", "status": "passed", "parameters": [{"name": "locator", "value": "('css selector', '[aria-label=\"Отклонить\"]')"}], "start": 1700146784011, "stop": 1700146784825}], "parameters": [{"name": "locator", "value": "('css selector', '[aria-label=\"Отклонить\"]')"}], "start": 1700146784011, "stop": 1700146784845}, {"name": "Click on element using js scripts", "status": "passed", "steps": [{"name": "wait for clicable element", "status": "passed", "parameters": [{"name": "locator", "value": "('css selector', '[aria-label=\"Отклонить\"]')"}], "start": 1700146784860, "stop": 1700146784951}], "parameters": [{"name": "locator", "value": "('css selector', '[aria-label=\"Отклонить\"]')"}], "start": 1700146784860, "stop": 1700146784969}], "start": 1700146784011, "stop": 1700146784969}], "start": 1700146777835, "stop": 1700146784969}, {"name": "Select a product and add it to cart", "status": "failed", "statusDetails": {"message": "AssertionError: Element ('css selector', '[href=\"/mouses/deathadderessentialrz0103850200r3m1_razer.html\"]') not clicable\n", "trace": "  File \"E:\\graduation_project\\venv\\Lib\\site-packages\\allure_commons\\_allure.py\", line 192, in impl\n    return func(*a, **kw)\n           ^^^^^^^^^^^^^^\n  File \"E:\\graduation_project\\pages\\basket_page.py\", line 56, in select_a_product_and_add_it_to_cart\n    self.click_on_product(self.CHOOSE_PRODUCT_LOCATOR2)\n  File \"E:\\graduation_project\\venv\\Lib\\site-packages\\allure_commons\\_allure.py\", line 192, in impl\n    return func(*a, **kw)\n           ^^^^^^^^^^^^^^\n  File \"E:\\graduation_project\\pages\\basket_page.py\", line 18, in click_on_product\n    self.click_on(product)\n  File \"E:\\graduation_project\\venv\\Lib\\site-packages\\allure_commons\\_allure.py\", line 192, in impl\n    return func(*a, **kw)\n           ^^^^^^^^^^^^^^\n  File \"E:\\graduation_project\\helpers\\base.py\", line 50, in click_on\n    element = self.wait_for_clicable(locator)\n              ^^^^^^^^^^^^^^^^^^^^^^^^^^^^^^^\n  File \"E:\\graduation_project\\venv\\Lib\\site-packages\\allure_commons\\_allure.py\", line 192, in impl\n    return func(*a, **kw)\n           ^^^^^^^^^^^^^^\n  File \"E:\\graduation_project\\helpers\\base.py\", line 23, in wait_for_clicable\n    assert False, f\"Element {locator} not clicable\"\n"}, "steps": [{"name": "Enter product text", "status": "passed", "steps": [{"name": "Click on element", "status": "passed", "steps": [{"name": "wait for clicable element", "status": "passed", "parameters": [{"name": "locator", "value": "('id', 'catalogSearch')"}], "start": 1700146784970, "stop": 1700146785121}], "parameters": [{"name": "locator", "value": "('id', 'catalogSearch')"}], "start": 1700146784969, "stop": 1700146785247}, {"name": "Fill field with text", "status": "passed", "steps": [{"name": "wait for clicable element", "status": "passed", "parameters": [{"name": "locator", "value": "('id', 'catalogSearch')"}], "start": 1700146785249, "stop": 1700146785302}, {"name": "Clear an input field by simulating button presses", "status": "passed", "steps": [{"name": "wait for clicable element", "status": "passed", "parameters": [{"name": "locator", "value": "<selenium.webdriver.remote.webelement.WebElement (session=\"7b3b4fee8f4fc049671131808a01d206\", element=\"7EB8CA62B178A73202258589688288D0_element_61\")>"}], "start": 1700146785302, "stop": 1700146785335}], "parameters": [{"name": "locator", "value": "<selenium.webdriver.remote.webelement.WebElement (session=\"7b3b4fee8f4fc049671131808a01d206\", element=\"7EB8CA62B178A73202258589688288D0_element_61\")>"}], "start": 1700146785302, "stop": 1700146785510}], "parameters": [{"name": "locator", "value": "('id', 'catalogSearch')"}, {"name": "text", "value": "'6.852.245'"}], "start": 1700146785247, "stop": 1700146785780}], "parameters": [{"name": "product", "value": "'6.852.245'"}], "start": 1700146784969, "stop": 1700146785780}, {"name": "Click on product", "status": "failed", "statusDetails": {"message": "AssertionError: Element ('css selector', '[href=\"/mouses/deathadderessentialrz0103850200r3m1_razer.html\"]') not clicable\n", "trace": "  File \"E:\\graduation_project\\venv\\Lib\\site-packages\\allure_commons\\_allure.py\", line 192, in impl\n    return func(*a, **kw)\n           ^^^^^^^^^^^^^^\n  File \"E:\\graduation_project\\pages\\basket_page.py\", line 18, in click_on_product\n    self.click_on(product)\n  File \"E:\\graduation_project\\venv\\Lib\\site-packages\\allure_commons\\_allure.py\", line 192, in impl\n    return func(*a, **kw)\n           ^^^^^^^^^^^^^^\n  File \"E:\\graduation_project\\helpers\\base.py\", line 50, in click_on\n    element = self.wait_for_clicable(locator)\n              ^^^^^^^^^^^^^^^^^^^^^^^^^^^^^^^\n  File \"E:\\graduation_project\\venv\\Lib\\site-packages\\allure_commons\\_allure.py\", line 192, in impl\n    return func(*a, **kw)\n           ^^^^^^^^^^^^^^\n  File \"E:\\graduation_project\\helpers\\base.py\", line 23, in wait_for_clicable\n    assert False, f\"Element {locator} not clicable\"\n"}, "steps": [{"name": "Click on element", "status": "failed", "statusDetails": {"message": "AssertionError: Element ('css selector', '[href=\"/mouses/deathadderessentialrz0103850200r3m1_razer.html\"]') not clicable\n", "trace": "  File \"E:\\graduation_project\\venv\\Lib\\site-packages\\allure_commons\\_allure.py\", line 192, in impl\n    return func(*a, **kw)\n           ^^^^^^^^^^^^^^\n  File \"E:\\graduation_project\\helpers\\base.py\", line 50, in click_on\n    element = self.wait_for_clicable(locator)\n              ^^^^^^^^^^^^^^^^^^^^^^^^^^^^^^^\n  File \"E:\\graduation_project\\venv\\Lib\\site-packages\\allure_commons\\_allure.py\", line 192, in impl\n    return func(*a, **kw)\n           ^^^^^^^^^^^^^^\n  File \"E:\\graduation_project\\helpers\\base.py\", line 23, in wait_for_clicable\n    assert False, f\"Element {locator} not clicable\"\n"}, "steps": [{"name": "wait for clicable element", "status": "failed", "statusDetails": {"message": "AssertionError: Element ('css selector', '[href=\"/mouses/deathadderessentialrz0103850200r3m1_razer.html\"]') not clicable\n", "trace": "  File \"E:\\graduation_project\\venv\\Lib\\site-packages\\allure_commons\\_allure.py\", line 192, in impl\n    return func(*a, **kw)\n           ^^^^^^^^^^^^^^\n  File \"E:\\graduation_project\\helpers\\base.py\", line 23, in wait_for_clicable\n    assert False, f\"Element {locator} not clicable\"\n"}, "parameters": [{"name": "locator", "value": "('css selector', '[href=\"/mouses/deathadderessentialrz0103850200r3m1_razer.html\"]')"}], "start": 1700146785781, "stop": 1700146796396}], "parameters": [{"name": "locator", "value": "('css selector', '[href=\"/mouses/deathadderessentialrz0103850200r3m1_razer.html\"]')"}], "start": 1700146785781, "stop": 1700146796397}], "parameters": [{"name": "product", "value": "('css selector', '[href=\"/mouses/deathadderessentialrz0103850200r3m1_razer.html\"]')"}], "start": 1700146785780, "stop": 1700146796398}], "start": 1700146784969, "stop": 1700146796399}], "start": 1700146777834, "stop": 1700146796400, "uuid": "a16a5c4c-d748-4704-b953-19e8d40958dc", "historyId": "3cb6a7c699699b5eebd9d5e5c9480234", "testCaseId": "3cb6a7c699699b5eebd9d5e5c9480234", "fullName": "tests.test_basket_page.TestBasketPage#test_add_product_to_favorites", "labels": [{"name": "story", "value": "Checks whether a product has been added to favorites"}, {"name": "feature", "value": "Favorites"}, {"name": "severity", "value": "minor"}, {"name": "parentSuite", "value": "tests"}, {"name": "suite", "value": "test_basket_page"}, {"name": "subSuite", "value": "TestBasketPage"}, {"name": "host", "value": "DESKTOP-U090JD3"}, {"name": "thread", "value": "14816-MainThread"}, {"name": "framework", "value": "pytest"}, {"name": "language", "value": "cpython3"}, {"name": "package", "value": "tests.test_basket_page"}]}