{"name": "test_email_subscription_element", "status": "failed", "statusDetails": {"message": "AssertionError: Element ('css selector', '[aria-label=\"Отклонить\"]') not clicable", "trace": "self = <pages.main_page.MainPage object at 0x0000020B39336990>\nlocator = ('css selector', '[aria-label=\"Отклонить\"]')\n\n    @allure.step('wait for clicable element')\n    def wait_for_clicable(self, locator):\n        \"\"\"Waiting until the element becomes clickable otherwise an error will\n        be caused.\"\"\"\n        try:\n>           return WebDriverWait(self.driver, self.wait_until).until(\n                EC.element_to_be_clickable(locator))\n\nhelpers\\base.py:20: \n_ _ _ _ _ _ _ _ _ _ _ _ _ _ _ _ _ _ _ _ _ _ _ _ _ _ _ _ _ _ _ _ _ _ _ _ _ _ _ _\n\nself = <selenium.webdriver.support.wait.WebDriverWait (session=\"2bc8d772d28a99e9c7979198110b0cc8\")>\nmethod = <function element_to_be_clickable.<locals>._predicate at 0x0000020B390B0220>\nmessage = ''\n\n    def until(self, method: Callable[[WebDriver], Union[Literal[False], T]], message: str = \"\") -> T:\n        \"\"\"Calls the method provided with the driver as an argument until the \\\n        return value does not evaluate to ``False``.\n    \n        :param method: callable(WebDriver)\n        :param message: optional message for :exc:`TimeoutException`\n        :returns: the result of the last call to `method`\n        :raises: :exc:`selenium.common.exceptions.TimeoutException` if timeout occurs\n        \"\"\"\n        screen = None\n        stacktrace = None\n    \n        end_time = time.monotonic() + self._timeout\n        while True:\n            try:\n                value = method(self._driver)\n                if value:\n                    return value\n            except self._ignored_exceptions as exc:\n                screen = getattr(exc, \"screen\", None)\n                stacktrace = getattr(exc, \"stacktrace\", None)\n            time.sleep(self._poll)\n            if time.monotonic() > end_time:\n                break\n>       raise TimeoutException(message, screen, stacktrace)\nE       selenium.common.exceptions.TimeoutException: Message: \nE       Stacktrace:\nE       \tGetHandleVerifier [0x00007FF7294D25B2+60402]\nE       \tMicrosoft::Applications::Events::ILogConfiguration::operator* [0x00007FF729457302+253666]\nE       \t(No symbol) [0x00007FF729229C99]\nE       \t(No symbol) [0x00007FF729279FD4]\nE       \t(No symbol) [0x00007FF72927A10A]\nE       \t(No symbol) [0x00007FF7292B81D7]\nE       \t(No symbol) [0x00007FF72929BACF]\nE       \t(No symbol) [0x00007FF72926D766]\nE       \t(No symbol) [0x00007FF7292B5111]\nE       \t(No symbol) [0x00007FF72929B863]\nE       \t(No symbol) [0x00007FF72926C585]\nE       \t(No symbol) [0x00007FF72926B993]\nE       \t(No symbol) [0x00007FF72926CD14]\nE       \tMicrosoft::Applications::Events::EventProperty::to_string [0x00007FF7296B3454+1161924]\nE       \t(No symbol) [0x00007FF7292EE5F6]\nE       \tMicrosoft::Applications::Events::EventProperty::~EventProperty [0x00007FF7293AB083+37459]\nE       \tMicrosoft::Applications::Events::EventProperty::~EventProperty [0x00007FF7293A2C4D+3613]\nE       \tMicrosoft::Applications::Events::EventProperty::to_string [0x00007FF7296B2194+1157124]\nE       \tMicrosoft::Applications::Events::ILogConfiguration::operator* [0x00007FF729461658+295480]\nE       \tMicrosoft::Applications::Events::ILogConfiguration::operator* [0x00007FF72945CB24+276228]\nE       \tMicrosoft::Applications::Events::ILogConfiguration::operator* [0x00007FF72945CC52+276530]\nE       \tMicrosoft::Applications::Events::ILogConfiguration::operator* [0x00007FF72944FA41+222753]\nE       \tBaseThreadInitThunk [0x00007FFC160C7344+20]\nE       \tRtlUserThreadStart [0x00007FFC16C226B1+33]\n\nvenv\\Lib\\site-packages\\selenium\\webdriver\\support\\wait.py:101: TimeoutException\n\nDuring handling of the above exception, another exception occurred:\n\nself = <test_footer.TestFooter object at 0x0000020B37EB8050>\ndriver = <selenium.webdriver.edge.webdriver.WebDriver (session=\"2bc8d772d28a99e9c7979198110b0cc8\")>\n\n    @allure.feature('Email subscription')\n    @allure.severity(allure.severity_level.NORMAL)\n    @allure.story('Check email subscription')\n    def test_email_subscription_element(self, driver):\n        \"\"\"Checks the display of the email subscription element.\"\"\"\n        footer = MainPage(driver)\n>       footer.open_page_and_reject_cookies()\n\ntests\\test_footer.py:97: \n_ _ _ _ _ _ _ _ _ _ _ _ _ _ _ _ _ _ _ _ _ _ _ _ _ _ _ _ _ _ _ _ _ _ _ _ _ _ _ _\npages\\main_page.py:31: in open_page_and_reject_cookies\n    self.reject_cookies()\npages\\main_page.py:25: in reject_cookies\n    self.hard_click(self.locator_reject_button_cookies)\nhelpers\\base.py:45: in hard_click\n    element = self.wait_for_clicable(locator)\n_ _ _ _ _ _ _ _ _ _ _ _ _ _ _ _ _ _ _ _ _ _ _ _ _ _ _ _ _ _ _ _ _ _ _ _ _ _ _ _\n\nself = <pages.main_page.MainPage object at 0x0000020B39336990>\nlocator = ('css selector', '[aria-label=\"Отклонить\"]')\n\n    @allure.step('wait for clicable element')\n    def wait_for_clicable(self, locator):\n        \"\"\"Waiting until the element becomes clickable otherwise an error will\n        be caused.\"\"\"\n        try:\n            return WebDriverWait(self.driver, self.wait_until).until(\n                EC.element_to_be_clickable(locator))\n        except WebDriverException:\n>           assert False, f\"Element {locator} not clicable\"\nE           AssertionError: Element ('css selector', '[aria-label=\"Отклонить\"]') not clicable\n\nhelpers\\base.py:23: AssertionError"}, "description": "Checks the display of the email subscription element.", "steps": [{"name": "Open page and reject cookies", "status": "failed", "statusDetails": {"message": "AssertionError: Element ('css selector', '[aria-label=\"Отклонить\"]') not clicable\n", "trace": "  File \"E:\\graduation_project\\venv\\Lib\\site-packages\\allure_commons\\_allure.py\", line 192, in impl\n    return func(*a, **kw)\n           ^^^^^^^^^^^^^^\n  File \"E:\\graduation_project\\pages\\main_page.py\", line 31, in open_page_and_reject_cookies\n    self.reject_cookies()\n  File \"E:\\graduation_project\\venv\\Lib\\site-packages\\allure_commons\\_allure.py\", line 192, in impl\n    return func(*a, **kw)\n           ^^^^^^^^^^^^^^\n  File \"E:\\graduation_project\\pages\\main_page.py\", line 25, in reject_cookies\n    self.hard_click(self.locator_reject_button_cookies)\n  File \"E:\\graduation_project\\venv\\Lib\\site-packages\\allure_commons\\_allure.py\", line 192, in impl\n    return func(*a, **kw)\n           ^^^^^^^^^^^^^^\n  File \"E:\\graduation_project\\helpers\\base.py\", line 45, in hard_click\n    element = self.wait_for_clicable(locator)\n              ^^^^^^^^^^^^^^^^^^^^^^^^^^^^^^^\n  File \"E:\\graduation_project\\venv\\Lib\\site-packages\\allure_commons\\_allure.py\", line 192, in impl\n    return func(*a, **kw)\n           ^^^^^^^^^^^^^^\n  File \"E:\\graduation_project\\helpers\\base.py\", line 23, in wait_for_clicable\n    assert False, f\"Element {locator} not clicable\"\n"}, "steps": [{"name": "open main page", "status": "passed", "start": 1700147284205, "stop": 1700147293303}, {"name": "Reject cookies", "status": "failed", "statusDetails": {"message": "AssertionError: Element ('css selector', '[aria-label=\"Отклонить\"]') not clicable\n", "trace": "  File \"E:\\graduation_project\\venv\\Lib\\site-packages\\allure_commons\\_allure.py\", line 192, in impl\n    return func(*a, **kw)\n           ^^^^^^^^^^^^^^\n  File \"E:\\graduation_project\\pages\\main_page.py\", line 25, in reject_cookies\n    self.hard_click(self.locator_reject_button_cookies)\n  File \"E:\\graduation_project\\venv\\Lib\\site-packages\\allure_commons\\_allure.py\", line 192, in impl\n    return func(*a, **kw)\n           ^^^^^^^^^^^^^^\n  File \"E:\\graduation_project\\helpers\\base.py\", line 45, in hard_click\n    element = self.wait_for_clicable(locator)\n              ^^^^^^^^^^^^^^^^^^^^^^^^^^^^^^^\n  File \"E:\\graduation_project\\venv\\Lib\\site-packages\\allure_commons\\_allure.py\", line 192, in impl\n    return func(*a, **kw)\n           ^^^^^^^^^^^^^^\n  File \"E:\\graduation_project\\helpers\\base.py\", line 23, in wait_for_clicable\n    assert False, f\"Element {locator} not clicable\"\n"}, "steps": [{"name": "Click on element using js scripts", "status": "failed", "statusDetails": {"message": "AssertionError: Element ('css selector', '[aria-label=\"Отклонить\"]') not clicable\n", "trace": "  File \"E:\\graduation_project\\venv\\Lib\\site-packages\\allure_commons\\_allure.py\", line 192, in impl\n    return func(*a, **kw)\n           ^^^^^^^^^^^^^^\n  File \"E:\\graduation_project\\helpers\\base.py\", line 45, in hard_click\n    element = self.wait_for_clicable(locator)\n              ^^^^^^^^^^^^^^^^^^^^^^^^^^^^^^^\n  File \"E:\\graduation_project\\venv\\Lib\\site-packages\\allure_commons\\_allure.py\", line 192, in impl\n    return func(*a, **kw)\n           ^^^^^^^^^^^^^^\n  File \"E:\\graduation_project\\helpers\\base.py\", line 23, in wait_for_clicable\n    assert False, f\"Element {locator} not clicable\"\n"}, "steps": [{"name": "wait for clicable element", "status": "failed", "statusDetails": {"message": "AssertionError: Element ('css selector', '[aria-label=\"Отклонить\"]') not clicable\n", "trace": "  File \"E:\\graduation_project\\venv\\Lib\\site-packages\\allure_commons\\_allure.py\", line 192, in impl\n    return func(*a, **kw)\n           ^^^^^^^^^^^^^^\n  File \"E:\\graduation_project\\helpers\\base.py\", line 23, in wait_for_clicable\n    assert False, f\"Element {locator} not clicable\"\n"}, "parameters": [{"name": "locator", "value": "('css selector', '[aria-label=\"Отклонить\"]')"}], "start": 1700147293304, "stop": 1700147304055}], "parameters": [{"name": "locator", "value": "('css selector', '[aria-label=\"Отклонить\"]')"}], "start": 1700147293304, "stop": 1700147304056}], "start": 1700147293304, "stop": 1700147304059}], "start": 1700147284205, "stop": 1700147304060}], "start": 1700147284205, "stop": 1700147304062, "uuid": "10a3adcb-774b-4188-8542-cd5e49bc8db3", "historyId": "e759e7e004e531dc03e5c27d82421902", "testCaseId": "e759e7e004e531dc03e5c27d82421902", "fullName": "tests.test_footer.TestFooter#test_email_subscription_element", "labels": [{"name": "story", "value": "Check email subscription"}, {"name": "feature", "value": "Email subscription"}, {"name": "severity", "value": "normal"}, {"name": "parentSuite", "value": "tests"}, {"name": "suite", "value": "test_footer"}, {"name": "subSuite", "value": "TestFooter"}, {"name": "host", "value": "DESKTOP-U090JD3"}, {"name": "thread", "value": "12924-MainThread"}, {"name": "framework", "value": "pytest"}, {"name": "language", "value": "cpython3"}, {"name": "package", "value": "tests.test_footer"}]}