{"name": "test_product_catalog_button", "status": "failed", "statusDetails": {"message": "AssertionError: Element ('css selector', '.styles_categoriesContainer__Nijol') not visible", "trace": "self = <pages.main_page.MainPage object at 0x0000022AD63BB650>\nlocator = ('css selector', '.styles_categoriesContainer__Nijol')\n\n    @allure.step('wait for visible element')\n    def wait_for_visible(self, locator):\n        \"\"\"Waiting until the element becomes visible, otherwise an error will\n        be caused.\"\"\"\n        try:\n>           return WebDriverWait(self.driver, self.wait_until).until(\n                EC.visibility_of_element_located(locator))\n\nhelpers\\base.py:30: \n_ _ _ _ _ _ _ _ _ _ _ _ _ _ _ _ _ _ _ _ _ _ _ _ _ _ _ _ _ _ _ _ _ _ _ _ _ _ _ _\n\nself = <selenium.webdriver.support.wait.WebDriverWait (session=\"967ac1bbe64b37ca0905a018f4772044\")>\nmethod = <function visibility_of_element_located.<locals>._predicate at 0x0000022AD604AB60>\nmessage = ''\n\n    def until(self, method: Callable[[WebDriver], Union[Literal[False], T]], message: str = \"\") -> T:\n        \"\"\"Calls the method provided with the driver as an argument until the \\\n        return value does not evaluate to ``False``.\n    \n        :param method: callable(WebDriver)\n        :param message: optional message for :exc:`TimeoutException`\n        :returns: the result of the last call to `method`\n        :raises: :exc:`selenium.common.exceptions.TimeoutException` if timeout occurs\n        \"\"\"\n        screen = None\n        stacktrace = None\n    \n        end_time = time.monotonic() + self._timeout\n        while True:\n            try:\n                value = method(self._driver)\n                if value:\n                    return value\n            except self._ignored_exceptions as exc:\n                screen = getattr(exc, \"screen\", None)\n                stacktrace = getattr(exc, \"stacktrace\", None)\n            time.sleep(self._poll)\n            if time.monotonic() > end_time:\n                break\n>       raise TimeoutException(message, screen, stacktrace)\nE       selenium.common.exceptions.TimeoutException: Message: \nE       Stacktrace:\nE       \tGetHandleVerifier [0x00007FF78FD425B2+60402]\nE       \tMicrosoft::Applications::Events::ILogConfiguration::operator* [0x00007FF78FCC7302+253666]\nE       \t(No symbol) [0x00007FF78FA99C99]\nE       \t(No symbol) [0x00007FF78FAE9FD4]\nE       \t(No symbol) [0x00007FF78FAEA10A]\nE       \t(No symbol) [0x00007FF78FB281D7]\nE       \t(No symbol) [0x00007FF78FB0BACF]\nE       \t(No symbol) [0x00007FF78FADD766]\nE       \t(No symbol) [0x00007FF78FB25111]\nE       \t(No symbol) [0x00007FF78FB0B863]\nE       \t(No symbol) [0x00007FF78FADC585]\nE       \t(No symbol) [0x00007FF78FADB993]\nE       \t(No symbol) [0x00007FF78FADCD14]\nE       \tMicrosoft::Applications::Events::EventProperty::to_string [0x00007FF78FF23454+1161924]\nE       \t(No symbol) [0x00007FF78FB5E5F6]\nE       \tMicrosoft::Applications::Events::EventProperty::~EventProperty [0x00007FF78FC1B083+37459]\nE       \tMicrosoft::Applications::Events::EventProperty::~EventProperty [0x00007FF78FC12C4D+3613]\nE       \tMicrosoft::Applications::Events::EventProperty::to_string [0x00007FF78FF22194+1157124]\nE       \tMicrosoft::Applications::Events::ILogConfiguration::operator* [0x00007FF78FCD1658+295480]\nE       \tMicrosoft::Applications::Events::ILogConfiguration::operator* [0x00007FF78FCCCB24+276228]\nE       \tMicrosoft::Applications::Events::ILogConfiguration::operator* [0x00007FF78FCCCC52+276530]\nE       \tMicrosoft::Applications::Events::ILogConfiguration::operator* [0x00007FF78FCBFA41+222753]\nE       \tBaseThreadInitThunk [0x00007FFC160C7344+20]\nE       \tRtlUserThreadStart [0x00007FFC16C226B1+33]\n\nvenv\\Lib\\site-packages\\selenium\\webdriver\\support\\wait.py:101: TimeoutException\n\nDuring handling of the above exception, another exception occurred:\n\nself = <test_header.TestHeader object at 0x0000022AD4F60310>\ndriver = <selenium.webdriver.edge.webdriver.WebDriver (session=\"967ac1bbe64b37ca0905a018f4772044\")>\n\n    @allure.feature('product catalog')\n    @allure.severity(allure.severity_level.NORMAL)\n    @allure.story('Checks product catalog')\n    def test_product_catalog_button(self, driver):\n        \"\"\"Checks that when you click on the \"product catalog\" button, the\n        categories of all products are displayed.\"\"\"\n        with allure.step('open main page'):\n            header = MainPage(driver)\n            header.open_page_and_reject_cookies()\n        with allure.step('click on button product catalog'):\n            header.hard_click(header.PRODUCT_CATALOG_BUTTON_LOCATOR)\n        with allure.step('checking element display'):\n>           header.assert_categories_displayed()\n\ntests\\test_header.py:22: \n_ _ _ _ _ _ _ _ _ _ _ _ _ _ _ _ _ _ _ _ _ _ _ _ _ _ _ _ _ _ _ _ _ _ _ _ _ _ _ _\nelements\\header_element.py:17: in assert_categories_displayed\n    assert self.wait_for_visible(\n_ _ _ _ _ _ _ _ _ _ _ _ _ _ _ _ _ _ _ _ _ _ _ _ _ _ _ _ _ _ _ _ _ _ _ _ _ _ _ _\n\nself = <pages.main_page.MainPage object at 0x0000022AD63BB650>\nlocator = ('css selector', '.styles_categoriesContainer__Nijol')\n\n    @allure.step('wait for visible element')\n    def wait_for_visible(self, locator):\n        \"\"\"Waiting until the element becomes visible, otherwise an error will\n        be caused.\"\"\"\n        try:\n            return WebDriverWait(self.driver, self.wait_until).until(\n                EC.visibility_of_element_located(locator))\n        except WebDriverException:\n>           assert False, f\"Element {locator} not visible\"\nE           AssertionError: Element ('css selector', '.styles_categoriesContainer__Nijol') not visible\n\nhelpers\\base.py:33: AssertionError"}, "description": "Checks that when you click on the \"product catalog\" button, the\n        categories of all products are displayed.", "steps": [{"name": "open main page", "status": "passed", "steps": [{"name": "Open page and reject cookies", "status": "passed", "steps": [{"name": "open main page", "status": "passed", "start": 1700147241619, "stop": 1700147278692}, {"name": "Reject cookies", "status": "passed", "steps": [{"name": "Click on element using js scripts", "status": "passed", "steps": [{"name": "wait for clicable element", "status": "passed", "parameters": [{"name": "locator", "value": "('css selector', '[aria-label=\"Отклонить\"]')"}], "start": 1700147278692, "stop": 1700147278954}], "parameters": [{"name": "locator", "value": "('css selector', '[aria-label=\"Отклонить\"]')"}], "start": 1700147278692, "stop": 1700147279009}, {"name": "Click on element using js scripts", "status": "passed", "steps": [{"name": "wait for clicable element", "status": "passed", "parameters": [{"name": "locator", "value": "('css selector', '[aria-label=\"Отклонить\"]')"}], "start": 1700147279009, "stop": 1700147279094}], "parameters": [{"name": "locator", "value": "('css selector', '[aria-label=\"Отклонить\"]')"}], "start": 1700147279009, "stop": 1700147279114}], "start": 1700147278692, "stop": 1700147279114}], "start": 1700147241619, "stop": 1700147279114}], "start": 1700147241618, "stop": 1700147279114}, {"name": "click on button product catalog", "status": "passed", "steps": [{"name": "Click on element using js scripts", "status": "passed", "steps": [{"name": "wait for clicable element", "status": "passed", "parameters": [{"name": "locator", "value": "('css selector', '.styles_catalogButton__z9L_j')"}], "start": 1700147279114, "stop": 1700147279202}], "parameters": [{"name": "locator", "value": "('css selector', '.styles_catalogButton__z9L_j')"}], "start": 1700147279114, "stop": 1700147279228}], "start": 1700147279114, "stop": 1700147279228}, {"name": "checking element display", "status": "failed", "statusDetails": {"message": "AssertionError: Element ('css selector', '.styles_categoriesContainer__Nijol') not visible\n", "trace": "  File \"E:\\graduation_project\\tests\\test_header.py\", line 22, in test_product_catalog_button\n    header.assert_categories_displayed()\n  File \"E:\\graduation_project\\venv\\Lib\\site-packages\\allure_commons\\_allure.py\", line 192, in impl\n    return func(*a, **kw)\n           ^^^^^^^^^^^^^^\n  File \"E:\\graduation_project\\elements\\header_element.py\", line 17, in assert_categories_displayed\n    assert self.wait_for_visible(\n           ^^^^^^^^^^^^^^^^^^^^^^\n  File \"E:\\graduation_project\\venv\\Lib\\site-packages\\allure_commons\\_allure.py\", line 192, in impl\n    return func(*a, **kw)\n           ^^^^^^^^^^^^^^\n  File \"E:\\graduation_project\\helpers\\base.py\", line 33, in wait_for_visible\n    assert False, f\"Element {locator} not visible\"\n"}, "steps": [{"name": "Assert categories displayed", "status": "failed", "statusDetails": {"message": "AssertionError: Element ('css selector', '.styles_categoriesContainer__Nijol') not visible\n", "trace": "  File \"E:\\graduation_project\\venv\\Lib\\site-packages\\allure_commons\\_allure.py\", line 192, in impl\n    return func(*a, **kw)\n           ^^^^^^^^^^^^^^\n  File \"E:\\graduation_project\\elements\\header_element.py\", line 17, in assert_categories_displayed\n    assert self.wait_for_visible(\n           ^^^^^^^^^^^^^^^^^^^^^^\n  File \"E:\\graduation_project\\venv\\Lib\\site-packages\\allure_commons\\_allure.py\", line 192, in impl\n    return func(*a, **kw)\n           ^^^^^^^^^^^^^^\n  File \"E:\\graduation_project\\helpers\\base.py\", line 33, in wait_for_visible\n    assert False, f\"Element {locator} not visible\"\n"}, "steps": [{"name": "wait for visible element", "status": "failed", "statusDetails": {"message": "AssertionError: Element ('css selector', '.styles_categoriesContainer__Nijol') not visible\n", "trace": "  File \"E:\\graduation_project\\venv\\Lib\\site-packages\\allure_commons\\_allure.py\", line 192, in impl\n    return func(*a, **kw)\n           ^^^^^^^^^^^^^^\n  File \"E:\\graduation_project\\helpers\\base.py\", line 33, in wait_for_visible\n    assert False, f\"Element {locator} not visible\"\n"}, "parameters": [{"name": "locator", "value": "('css selector', '.styles_categoriesContainer__Nijol')"}], "start": 1700147279229, "stop": 1700147289842}], "start": 1700147279228, "stop": 1700147289854}], "start": 1700147279228, "stop": 1700147289859}], "start": 1700147241618, "stop": 1700147289861, "uuid": "4a9bfddd-fdcb-40c7-b2a1-20cf3fbae807", "historyId": "9307890668492c962786b3912edf360c", "testCaseId": "9307890668492c962786b3912edf360c", "fullName": "tests.test_header.TestHeader#test_product_catalog_button", "labels": [{"name": "severity", "value": "normal"}, {"name": "feature", "value": "product catalog"}, {"name": "story", "value": "Checks product catalog"}, {"name": "parentSuite", "value": "tests"}, {"name": "suite", "value": "test_header"}, {"name": "subSuite", "value": "TestHeader"}, {"name": "host", "value": "DESKTOP-U090JD3"}, {"name": "thread", "value": "12612-MainThread"}, {"name": "framework", "value": "pytest"}, {"name": "language", "value": "cpython3"}, {"name": "package", "value": "tests.test_header"}]}