{"name": "test_catalog_search", "status": "failed", "statusDetails": {"message": "AssertionError: Element ('css selector', '[href=\"/nonfiction_books/popuri_01309.html\"]') not clicable", "trace": "self = <pages.main_page.MainPage object at 0x0000016CC67BC150>\nlocator = ('css selector', '[href=\"/nonfiction_books/popuri_01309.html\"]')\n\n    @allure.step('wait for clicable element')\n    def wait_for_clicable(self, locator):\n        \"\"\"Waiting until the element becomes clickable otherwise an error will\n        be caused.\"\"\"\n        try:\n>           return WebDriverWait(self.driver, self.wait_until).until(\n                EC.element_to_be_clickable(locator))\n\nhelpers\\base.py:20: \n_ _ _ _ _ _ _ _ _ _ _ _ _ _ _ _ _ _ _ _ _ _ _ _ _ _ _ _ _ _ _ _ _ _ _ _ _ _ _ _\n\nself = <selenium.webdriver.support.wait.WebDriverWait (session=\"75d585a80c4eb776fa931f23b70d5d4a\")>\nmethod = <function element_to_be_clickable.<locals>._predicate at 0x0000016CC65699E0>\nmessage = ''\n\n    def until(self, method: Callable[[WebDriver], Union[Literal[False], T]], message: str = \"\") -> T:\n        \"\"\"Calls the method provided with the driver as an argument until the \\\n        return value does not evaluate to ``False``.\n    \n        :param method: callable(WebDriver)\n        :param message: optional message for :exc:`TimeoutException`\n        :returns: the result of the last call to `method`\n        :raises: :exc:`selenium.common.exceptions.TimeoutException` if timeout occurs\n        \"\"\"\n        screen = None\n        stacktrace = None\n    \n        end_time = time.monotonic() + self._timeout\n        while True:\n            try:\n                value = method(self._driver)\n                if value:\n                    return value\n            except self._ignored_exceptions as exc:\n                screen = getattr(exc, \"screen\", None)\n                stacktrace = getattr(exc, \"stacktrace\", None)\n            time.sleep(self._poll)\n            if time.monotonic() > end_time:\n                break\n>       raise TimeoutException(message, screen, stacktrace)\nE       selenium.common.exceptions.TimeoutException: Message: \nE       Stacktrace:\nE       \tGetHandleVerifier [0x00007FF629FD25B2+60402]\nE       \tMicrosoft::Applications::Events::ILogConfiguration::operator* [0x00007FF629F57302+253666]\nE       \t(No symbol) [0x00007FF629D29C99]\nE       \t(No symbol) [0x00007FF629D79FD4]\nE       \t(No symbol) [0x00007FF629D7A10A]\nE       \t(No symbol) [0x00007FF629DB81D7]\nE       \t(No symbol) [0x00007FF629D9BACF]\nE       \t(No symbol) [0x00007FF629D6D766]\nE       \t(No symbol) [0x00007FF629DB5111]\nE       \t(No symbol) [0x00007FF629D9B863]\nE       \t(No symbol) [0x00007FF629D6C585]\nE       \t(No symbol) [0x00007FF629D6B993]\nE       \t(No symbol) [0x00007FF629D6CD14]\nE       \tMicrosoft::Applications::Events::EventProperty::to_string [0x00007FF62A1B3454+1161924]\nE       \t(No symbol) [0x00007FF629DEE5F6]\nE       \tMicrosoft::Applications::Events::EventProperty::~EventProperty [0x00007FF629EAB083+37459]\nE       \tMicrosoft::Applications::Events::EventProperty::~EventProperty [0x00007FF629EA2C4D+3613]\nE       \tMicrosoft::Applications::Events::EventProperty::to_string [0x00007FF62A1B2194+1157124]\nE       \tMicrosoft::Applications::Events::ILogConfiguration::operator* [0x00007FF629F61658+295480]\nE       \tMicrosoft::Applications::Events::ILogConfiguration::operator* [0x00007FF629F5CB24+276228]\nE       \tMicrosoft::Applications::Events::ILogConfiguration::operator* [0x00007FF629F5CC52+276530]\nE       \tMicrosoft::Applications::Events::ILogConfiguration::operator* [0x00007FF629F4FA41+222753]\nE       \tBaseThreadInitThunk [0x00007FFC160C7344+20]\nE       \tRtlUserThreadStart [0x00007FFC16C226B1+33]\n\nvenv\\Lib\\site-packages\\selenium\\webdriver\\support\\wait.py:101: TimeoutException\n\nDuring handling of the above exception, another exception occurred:\n\nself = <test_header.TestHeader object at 0x0000016CC548F090>\ndriver = <selenium.webdriver.edge.webdriver.WebDriver (session=\"75d585a80c4eb776fa931f23b70d5d4a\")>\n\n    @allure.feature('Catalog search')\n    @allure.severity(allure.severity_level.NORMAL)\n    @allure.story('Checks the page of the entered product')\n    def test_catalog_search(self, driver):\n        \"\"\"Enters the name of the product in the input field, selects the\n        product and checks that the desired page has opened.\"\"\"\n        header = MainPage(driver)\n        header.open_page_and_reject_cookies()\n        header.enter_product_text(header.request_text)\n>       header.click_on_product(header.CHOOSE_PRODUCT_LOCATOR)\n\ntests\\test_header.py:63: \n_ _ _ _ _ _ _ _ _ _ _ _ _ _ _ _ _ _ _ _ _ _ _ _ _ _ _ _ _ _ _ _ _ _ _ _ _ _ _ _\nelements\\header_element.py:34: in click_on_product\n    self.click_on(product)\nhelpers\\base.py:50: in click_on\n    element = self.wait_for_clicable(locator)\n_ _ _ _ _ _ _ _ _ _ _ _ _ _ _ _ _ _ _ _ _ _ _ _ _ _ _ _ _ _ _ _ _ _ _ _ _ _ _ _\n\nself = <pages.main_page.MainPage object at 0x0000016CC67BC150>\nlocator = ('css selector', '[href=\"/nonfiction_books/popuri_01309.html\"]')\n\n    @allure.step('wait for clicable element')\n    def wait_for_clicable(self, locator):\n        \"\"\"Waiting until the element becomes clickable otherwise an error will\n        be caused.\"\"\"\n        try:\n            return WebDriverWait(self.driver, self.wait_until).until(\n                EC.element_to_be_clickable(locator))\n        except WebDriverException:\n>           assert False, f\"Element {locator} not clicable\"\nE           AssertionError: Element ('css selector', '[href=\"/nonfiction_books/popuri_01309.html\"]') not clicable\n\nhelpers\\base.py:23: AssertionError"}, "description": "Enters the name of the product in the input field, selects the\n        product and checks that the desired page has opened.", "steps": [{"name": "Open page and reject cookies", "status": "passed", "steps": [{"name": "open main page", "status": "passed", "start": 1700147385625, "stop": 1700147423935}, {"name": "Reject cookies", "status": "passed", "steps": [{"name": "Click on element using js scripts", "status": "passed", "steps": [{"name": "wait for clicable element", "status": "passed", "parameters": [{"name": "locator", "value": "('css selector', '[aria-label=\"Отклонить\"]')"}], "start": 1700147423936, "stop": 1700147424443}], "parameters": [{"name": "locator", "value": "('css selector', '[aria-label=\"Отклонить\"]')"}], "start": 1700147423936, "stop": 1700147424471}, {"name": "Click on element using js scripts", "status": "passed", "steps": [{"name": "wait for clicable element", "status": "passed", "parameters": [{"name": "locator", "value": "('css selector', '[aria-label=\"Отклонить\"]')"}], "start": 1700147424472, "stop": 1700147424537}], "parameters": [{"name": "locator", "value": "('css selector', '[aria-label=\"Отклонить\"]')"}], "start": 1700147424471, "stop": 1700147424566}], "start": 1700147423936, "stop": 1700147424566}], "start": 1700147385625, "stop": 1700147424566}, {"name": "Enter product text", "status": "passed", "steps": [{"name": "Click on element", "status": "passed", "steps": [{"name": "wait for clicable element", "status": "passed", "parameters": [{"name": "locator", "value": "('id', 'catalogSearch')"}], "start": 1700147424567, "stop": 1700147424971}], "parameters": [{"name": "locator", "value": "('id', 'catalogSearch')"}], "start": 1700147424567, "stop": 1700147425816}, {"name": "Fill field with text", "status": "passed", "steps": [{"name": "wait for clicable element", "status": "passed", "parameters": [{"name": "locator", "value": "('id', 'catalogSearch')"}], "start": 1700147425980, "stop": 1700147426575}, {"name": "Clear an input field by simulating button presses", "status": "passed", "steps": [{"name": "wait for clicable element", "status": "passed", "parameters": [{"name": "locator", "value": "<selenium.webdriver.remote.webelement.WebElement (session=\"75d585a80c4eb776fa931f23b70d5d4a\", element=\"AF685A218503CBC0CDEAA0BB7A546AC2_element_65\")>"}], "start": 1700147426576, "stop": 1700147426733}], "parameters": [{"name": "locator", "value": "<selenium.webdriver.remote.webelement.WebElement (session=\"75d585a80c4eb776fa931f23b70d5d4a\", element=\"AF685A218503CBC0CDEAA0BB7A546AC2_element_65\")>"}], "start": 1700147426576, "stop": 1700147426952}], "parameters": [{"name": "locator", "value": "('id', 'catalogSearch')"}, {"name": "text", "value": "'6.564.524'"}], "start": 1700147425816, "stop": 1700147427444}], "parameters": [{"name": "product", "value": "'6.564.524'"}], "start": 1700147424567, "stop": 1700147427445}, {"name": "Click on product", "status": "failed", "statusDetails": {"message": "AssertionError: Element ('css selector', '[href=\"/nonfiction_books/popuri_01309.html\"]') not clicable\n", "trace": "  File \"E:\\graduation_project\\venv\\Lib\\site-packages\\allure_commons\\_allure.py\", line 192, in impl\n    return func(*a, **kw)\n           ^^^^^^^^^^^^^^\n  File \"E:\\graduation_project\\elements\\header_element.py\", line 34, in click_on_product\n    self.click_on(product)\n  File \"E:\\graduation_project\\venv\\Lib\\site-packages\\allure_commons\\_allure.py\", line 192, in impl\n    return func(*a, **kw)\n           ^^^^^^^^^^^^^^\n  File \"E:\\graduation_project\\helpers\\base.py\", line 50, in click_on\n    element = self.wait_for_clicable(locator)\n              ^^^^^^^^^^^^^^^^^^^^^^^^^^^^^^^\n  File \"E:\\graduation_project\\venv\\Lib\\site-packages\\allure_commons\\_allure.py\", line 192, in impl\n    return func(*a, **kw)\n           ^^^^^^^^^^^^^^\n  File \"E:\\graduation_project\\helpers\\base.py\", line 23, in wait_for_clicable\n    assert False, f\"Element {locator} not clicable\"\n"}, "steps": [{"name": "Click on element", "status": "failed", "statusDetails": {"message": "AssertionError: Element ('css selector', '[href=\"/nonfiction_books/popuri_01309.html\"]') not clicable\n", "trace": "  File \"E:\\graduation_project\\venv\\Lib\\site-packages\\allure_commons\\_allure.py\", line 192, in impl\n    return func(*a, **kw)\n           ^^^^^^^^^^^^^^\n  File \"E:\\graduation_project\\helpers\\base.py\", line 50, in click_on\n    element = self.wait_for_clicable(locator)\n              ^^^^^^^^^^^^^^^^^^^^^^^^^^^^^^^\n  File \"E:\\graduation_project\\venv\\Lib\\site-packages\\allure_commons\\_allure.py\", line 192, in impl\n    return func(*a, **kw)\n           ^^^^^^^^^^^^^^\n  File \"E:\\graduation_project\\helpers\\base.py\", line 23, in wait_for_clicable\n    assert False, f\"Element {locator} not clicable\"\n"}, "steps": [{"name": "wait for clicable element", "status": "failed", "statusDetails": {"message": "AssertionError: Element ('css selector', '[href=\"/nonfiction_books/popuri_01309.html\"]') not clicable\n", "trace": "  File \"E:\\graduation_project\\venv\\Lib\\site-packages\\allure_commons\\_allure.py\", line 192, in impl\n    return func(*a, **kw)\n           ^^^^^^^^^^^^^^\n  File \"E:\\graduation_project\\helpers\\base.py\", line 23, in wait_for_clicable\n    assert False, f\"Element {locator} not clicable\"\n"}, "parameters": [{"name": "locator", "value": "('css selector', '[href=\"/nonfiction_books/popuri_01309.html\"]')"}], "start": 1700147427446, "stop": 1700147438464}], "parameters": [{"name": "locator", "value": "('css selector', '[href=\"/nonfiction_books/popuri_01309.html\"]')"}], "start": 1700147427446, "stop": 1700147438466}], "parameters": [{"name": "product", "value": "('css selector', '[href=\"/nonfiction_books/popuri_01309.html\"]')"}], "start": 1700147427446, "stop": 1700147438467}], "start": 1700147385624, "stop": 1700147438471, "uuid": "f7585b55-55e6-4e05-a1ef-bc4d66bdd2ed", "historyId": "c992f18eae1781e9bb97083d8746cbff", "testCaseId": "c992f18eae1781e9bb97083d8746cbff", "fullName": "tests.test_header.TestHeader#test_catalog_search", "labels": [{"name": "story", "value": "Checks the page of the entered product"}, {"name": "severity", "value": "normal"}, {"name": "feature", "value": "Catalog search"}, {"name": "parentSuite", "value": "tests"}, {"name": "suite", "value": "test_header"}, {"name": "subSuite", "value": "TestHeader"}, {"name": "host", "value": "DESKTOP-U090JD3"}, {"name": "thread", "value": "14816-MainThread"}, {"name": "framework", "value": "pytest"}, {"name": "language", "value": "cpython3"}, {"name": "package", "value": "tests.test_header"}]}